The system is: Linux - 3.13.0-24-generic - x86_64
Compiling the C compiler identification source file "CMakeCCompilerId.c" succeeded.
Compiler: /usr/bin/cc 
Build flags: 
Id flags: 

The output was:
0


Compilation of the C compiler identification source "CMakeCCompilerId.c" produced "a.out"

The C compiler identification is GNU, found in "/home/jmelo/projects/fractal-viewer/build/CMakeFiles/2.8.12.2/CompilerIdC/a.out"

Compiling the CXX compiler identification source file "CMakeCXXCompilerId.cpp" succeeded.
Compiler: /usr/bin/c++ 
Build flags: 
Id flags: 

The output was:
0


Compilation of the CXX compiler identification source "CMakeCXXCompilerId.cpp" produced "a.out"

The CXX compiler identification is GNU, found in "/home/jmelo/projects/fractal-viewer/build/CMakeFiles/2.8.12.2/CompilerIdCXX/a.out"

Determining if the C compiler works passed with the following output:
Change Dir: /home/jmelo/projects/fractal-viewer/build/CMakeFiles/CMakeTmp

Run Build Command:/usr/bin/make "cmTryCompileExec948047271/fast"
/usr/bin/make -f CMakeFiles/cmTryCompileExec948047271.dir/build.make CMakeFiles/cmTryCompileExec948047271.dir/build
make[1]: Entering directory `/home/jmelo/projects/fractal-viewer/build/CMakeFiles/CMakeTmp'
/usr/bin/cmake -E cmake_progress_report /home/jmelo/projects/fractal-viewer/build/CMakeFiles/CMakeTmp/CMakeFiles 1
Building C object CMakeFiles/cmTryCompileExec948047271.dir/testCCompiler.c.o
/usr/bin/cc    -o CMakeFiles/cmTryCompileExec948047271.dir/testCCompiler.c.o   -c /home/jmelo/projects/fractal-viewer/build/CMakeFiles/CMakeTmp/testCCompiler.c
Linking C executable cmTryCompileExec948047271
/usr/bin/cmake -E cmake_link_script CMakeFiles/cmTryCompileExec948047271.dir/link.txt --verbose=1
/usr/bin/cc       CMakeFiles/cmTryCompileExec948047271.dir/testCCompiler.c.o  -o cmTryCompileExec948047271 -rdynamic 
make[1]: Leaving directory `/home/jmelo/projects/fractal-viewer/build/CMakeFiles/CMakeTmp'


Detecting C compiler ABI info compiled with the following output:
Change Dir: /home/jmelo/projects/fractal-viewer/build/CMakeFiles/CMakeTmp

Run Build Command:/usr/bin/make "cmTryCompileExec73380464/fast"
/usr/bin/make -f CMakeFiles/cmTryCompileExec73380464.dir/build.make CMakeFiles/cmTryCompileExec73380464.dir/build
make[1]: Entering directory `/home/jmelo/projects/fractal-viewer/build/CMakeFiles/CMakeTmp'
/usr/bin/cmake -E cmake_progress_report /home/jmelo/projects/fractal-viewer/build/CMakeFiles/CMakeTmp/CMakeFiles 1
Building C object CMakeFiles/cmTryCompileExec73380464.dir/CMakeCCompilerABI.c.o
/usr/bin/cc    -o CMakeFiles/cmTryCompileExec73380464.dir/CMakeCCompilerABI.c.o   -c /usr/share/cmake-2.8/Modules/CMakeCCompilerABI.c
Linking C executable cmTryCompileExec73380464
/usr/bin/cmake -E cmake_link_script CMakeFiles/cmTryCompileExec73380464.dir/link.txt --verbose=1
/usr/bin/cc     -v CMakeFiles/cmTryCompileExec73380464.dir/CMakeCCompilerABI.c.o  -o cmTryCompileExec73380464 -rdynamic  
Using built-in specs.
COLLECT_GCC=/usr/bin/cc
COLLECT_LTO_WRAPPER=/usr/lib/gcc/x86_64-linux-gnu/4.8/lto-wrapper
Target: x86_64-linux-gnu
Configured with: ../src/configure -v --with-pkgversion='Ubuntu 4.8.2-19ubuntu1' --with-bugurl=file:///usr/share/doc/gcc-4.8/README.Bugs --enable-languages=c,c++,java,go,d,fortran,objc,obj-c++ --prefix=/usr --program-suffix=-4.8 --enable-shared --enable-linker-build-id --libexecdir=/usr/lib --without-included-gettext --enable-threads=posix --with-gxx-include-dir=/usr/include/c++/4.8 --libdir=/usr/lib --enable-nls --with-sysroot=/ --enable-clocale=gnu --enable-libstdcxx-debug --enable-libstdcxx-time=yes --enable-gnu-unique-object --disable-libmudflap --enable-plugin --with-system-zlib --disable-browser-plugin --enable-java-awt=gtk --enable-gtk-cairo --with-java-home=/usr/lib/jvm/java-1.5.0-gcj-4.8-amd64/jre --enable-java-home --with-jvm-root-dir=/usr/lib/jvm/java-1.5.0-gcj-4.8-amd64 --with-jvm-jar-dir=/usr/lib/jvm-exports/java-1.5.0-gcj-4.8-amd64 --with-arch-directory=amd64 --with-ecj-jar=/usr/share/java/eclipse-ecj.jar --enable-objc-gc --enable-multiarch --disable-werror --with-arch-32=i686 --with-abi=m64 --with-multilib-list=m32,m64,mx32 --with-tune=generic --enable-checking=release --build=x86_64-linux-gnu --host=x86_64-linux-gnu --target=x86_64-linux-gnu
Thread model: posix
gcc version 4.8.2 (Ubuntu 4.8.2-19ubuntu1) 
COMPILER_PATH=/usr/lib/gcc/x86_64-linux-gnu/4.8/:/usr/lib/gcc/x86_64-linux-gnu/4.8/:/usr/lib/gcc/x86_64-linux-gnu/:/usr/lib/gcc/x86_64-linux-gnu/4.8/:/usr/lib/gcc/x86_64-linux-gnu/
LIBRARY_PATH=/usr/lib/gcc/x86_64-linux-gnu/4.8/:/usr/lib/gcc/x86_64-linux-gnu/4.8/../../../x86_64-linux-gnu/:/usr/lib/gcc/x86_64-linux-gnu/4.8/../../../../lib/:/lib/x86_64-linux-gnu/:/lib/../lib/:/usr/lib/x86_64-linux-gnu/:/usr/lib/../lib/:/usr/lib/gcc/x86_64-linux-gnu/4.8/../../../:/lib/:/usr/lib/
COLLECT_GCC_OPTIONS='-v' '-o' 'cmTryCompileExec73380464' '-rdynamic' '-mtune=generic' '-march=x86-64'
 /usr/lib/gcc/x86_64-linux-gnu/4.8/collect2 --sysroot=/ --build-id --eh-frame-hdr -m elf_x86_64 --hash-style=gnu --as-needed -export-dynamic -dynamic-linker /lib64/ld-linux-x86-64.so.2 -z relro -o cmTryCompileExec73380464 /usr/lib/gcc/x86_64-linux-gnu/4.8/../../../x86_64-linux-gnu/crt1.o /usr/lib/gcc/x86_64-linux-gnu/4.8/../../../x86_64-linux-gnu/crti.o /usr/lib/gcc/x86_64-linux-gnu/4.8/crtbegin.o -L/usr/lib/gcc/x86_64-linux-gnu/4.8 -L/usr/lib/gcc/x86_64-linux-gnu/4.8/../../../x86_64-linux-gnu -L/usr/lib/gcc/x86_64-linux-gnu/4.8/../../../../lib -L/lib/x86_64-linux-gnu -L/lib/../lib -L/usr/lib/x86_64-linux-gnu -L/usr/lib/../lib -L/usr/lib/gcc/x86_64-linux-gnu/4.8/../../.. CMakeFiles/cmTryCompileExec73380464.dir/CMakeCCompilerABI.c.o -lgcc --as-needed -lgcc_s --no-as-needed -lc -lgcc --as-needed -lgcc_s --no-as-needed /usr/lib/gcc/x86_64-linux-gnu/4.8/crtend.o /usr/lib/gcc/x86_64-linux-gnu/4.8/../../../x86_64-linux-gnu/crtn.o
make[1]: Leaving directory `/home/jmelo/projects/fractal-viewer/build/CMakeFiles/CMakeTmp'


Parsed C implicit link information from above output:
  link line regex: [^( *|.*[/\])(ld|([^/\]+-)?ld|collect2)[^/\]*( |$)]
  ignore line: [Change Dir: /home/jmelo/projects/fractal-viewer/build/CMakeFiles/CMakeTmp]
  ignore line: []
  ignore line: [Run Build Command:/usr/bin/make "cmTryCompileExec73380464/fast"]
  ignore line: [/usr/bin/make -f CMakeFiles/cmTryCompileExec73380464.dir/build.make CMakeFiles/cmTryCompileExec73380464.dir/build]
  ignore line: [make[1]: Entering directory `/home/jmelo/projects/fractal-viewer/build/CMakeFiles/CMakeTmp']
  ignore line: [/usr/bin/cmake -E cmake_progress_report /home/jmelo/projects/fractal-viewer/build/CMakeFiles/CMakeTmp/CMakeFiles 1]
  ignore line: [Building C object CMakeFiles/cmTryCompileExec73380464.dir/CMakeCCompilerABI.c.o]
  ignore line: [/usr/bin/cc    -o CMakeFiles/cmTryCompileExec73380464.dir/CMakeCCompilerABI.c.o   -c /usr/share/cmake-2.8/Modules/CMakeCCompilerABI.c]
  ignore line: [Linking C executable cmTryCompileExec73380464]
  ignore line: [/usr/bin/cmake -E cmake_link_script CMakeFiles/cmTryCompileExec73380464.dir/link.txt --verbose=1]
  ignore line: [/usr/bin/cc     -v CMakeFiles/cmTryCompileExec73380464.dir/CMakeCCompilerABI.c.o  -o cmTryCompileExec73380464 -rdynamic  ]
  ignore line: [Using built-in specs.]
  ignore line: [COLLECT_GCC=/usr/bin/cc]
  ignore line: [COLLECT_LTO_WRAPPER=/usr/lib/gcc/x86_64-linux-gnu/4.8/lto-wrapper]
  ignore line: [Target: x86_64-linux-gnu]
  ignore line: [Configured with: ../src/configure -v --with-pkgversion='Ubuntu 4.8.2-19ubuntu1' --with-bugurl=file:///usr/share/doc/gcc-4.8/README.Bugs --enable-languages=c,c++,java,go,d,fortran,objc,obj-c++ --prefix=/usr --program-suffix=-4.8 --enable-shared --enable-linker-build-id --libexecdir=/usr/lib --without-included-gettext --enable-threads=posix --with-gxx-include-dir=/usr/include/c++/4.8 --libdir=/usr/lib --enable-nls --with-sysroot=/ --enable-clocale=gnu --enable-libstdcxx-debug --enable-libstdcxx-time=yes --enable-gnu-unique-object --disable-libmudflap --enable-plugin --with-system-zlib --disable-browser-plugin --enable-java-awt=gtk --enable-gtk-cairo --with-java-home=/usr/lib/jvm/java-1.5.0-gcj-4.8-amd64/jre --enable-java-home --with-jvm-root-dir=/usr/lib/jvm/java-1.5.0-gcj-4.8-amd64 --with-jvm-jar-dir=/usr/lib/jvm-exports/java-1.5.0-gcj-4.8-amd64 --with-arch-directory=amd64 --with-ecj-jar=/usr/share/java/eclipse-ecj.jar --enable-objc-gc --enable-multiarch --disable-werror --with-arch-32=i686 --with-abi=m64 --with-multilib-list=m32,m64,mx32 --with-tune=generic --enable-checking=release --build=x86_64-linux-gnu --host=x86_64-linux-gnu --target=x86_64-linux-gnu]
  ignore line: [Thread model: posix]
  ignore line: [gcc version 4.8.2 (Ubuntu 4.8.2-19ubuntu1) ]
  ignore line: [COMPILER_PATH=/usr/lib/gcc/x86_64-linux-gnu/4.8/:/usr/lib/gcc/x86_64-linux-gnu/4.8/:/usr/lib/gcc/x86_64-linux-gnu/:/usr/lib/gcc/x86_64-linux-gnu/4.8/:/usr/lib/gcc/x86_64-linux-gnu/]
  ignore line: [LIBRARY_PATH=/usr/lib/gcc/x86_64-linux-gnu/4.8/:/usr/lib/gcc/x86_64-linux-gnu/4.8/../../../x86_64-linux-gnu/:/usr/lib/gcc/x86_64-linux-gnu/4.8/../../../../lib/:/lib/x86_64-linux-gnu/:/lib/../lib/:/usr/lib/x86_64-linux-gnu/:/usr/lib/../lib/:/usr/lib/gcc/x86_64-linux-gnu/4.8/../../../:/lib/:/usr/lib/]
  ignore line: [COLLECT_GCC_OPTIONS='-v' '-o' 'cmTryCompileExec73380464' '-rdynamic' '-mtune=generic' '-march=x86-64']
  link line: [ /usr/lib/gcc/x86_64-linux-gnu/4.8/collect2 --sysroot=/ --build-id --eh-frame-hdr -m elf_x86_64 --hash-style=gnu --as-needed -export-dynamic -dynamic-linker /lib64/ld-linux-x86-64.so.2 -z relro -o cmTryCompileExec73380464 /usr/lib/gcc/x86_64-linux-gnu/4.8/../../../x86_64-linux-gnu/crt1.o /usr/lib/gcc/x86_64-linux-gnu/4.8/../../../x86_64-linux-gnu/crti.o /usr/lib/gcc/x86_64-linux-gnu/4.8/crtbegin.o -L/usr/lib/gcc/x86_64-linux-gnu/4.8 -L/usr/lib/gcc/x86_64-linux-gnu/4.8/../../../x86_64-linux-gnu -L/usr/lib/gcc/x86_64-linux-gnu/4.8/../../../../lib -L/lib/x86_64-linux-gnu -L/lib/../lib -L/usr/lib/x86_64-linux-gnu -L/usr/lib/../lib -L/usr/lib/gcc/x86_64-linux-gnu/4.8/../../.. CMakeFiles/cmTryCompileExec73380464.dir/CMakeCCompilerABI.c.o -lgcc --as-needed -lgcc_s --no-as-needed -lc -lgcc --as-needed -lgcc_s --no-as-needed /usr/lib/gcc/x86_64-linux-gnu/4.8/crtend.o /usr/lib/gcc/x86_64-linux-gnu/4.8/../../../x86_64-linux-gnu/crtn.o]
    arg [/usr/lib/gcc/x86_64-linux-gnu/4.8/collect2] ==> ignore
    arg [--sysroot=/] ==> ignore
    arg [--build-id] ==> ignore
    arg [--eh-frame-hdr] ==> ignore
    arg [-m] ==> ignore
    arg [elf_x86_64] ==> ignore
    arg [--hash-style=gnu] ==> ignore
    arg [--as-needed] ==> ignore
    arg [-export-dynamic] ==> ignore
    arg [-dynamic-linker] ==> ignore
    arg [/lib64/ld-linux-x86-64.so.2] ==> ignore
    arg [-zrelro] ==> ignore
    arg [-o] ==> ignore
    arg [cmTryCompileExec73380464] ==> ignore
    arg [/usr/lib/gcc/x86_64-linux-gnu/4.8/../../../x86_64-linux-gnu/crt1.o] ==> ignore
    arg [/usr/lib/gcc/x86_64-linux-gnu/4.8/../../../x86_64-linux-gnu/crti.o] ==> ignore
    arg [/usr/lib/gcc/x86_64-linux-gnu/4.8/crtbegin.o] ==> ignore
    arg [-L/usr/lib/gcc/x86_64-linux-gnu/4.8] ==> dir [/usr/lib/gcc/x86_64-linux-gnu/4.8]
    arg [-L/usr/lib/gcc/x86_64-linux-gnu/4.8/../../../x86_64-linux-gnu] ==> dir [/usr/lib/gcc/x86_64-linux-gnu/4.8/../../../x86_64-linux-gnu]
    arg [-L/usr/lib/gcc/x86_64-linux-gnu/4.8/../../../../lib] ==> dir [/usr/lib/gcc/x86_64-linux-gnu/4.8/../../../../lib]
    arg [-L/lib/x86_64-linux-gnu] ==> dir [/lib/x86_64-linux-gnu]
    arg [-L/lib/../lib] ==> dir [/lib/../lib]
    arg [-L/usr/lib/x86_64-linux-gnu] ==> dir [/usr/lib/x86_64-linux-gnu]
    arg [-L/usr/lib/../lib] ==> dir [/usr/lib/../lib]
    arg [-L/usr/lib/gcc/x86_64-linux-gnu/4.8/../../..] ==> dir [/usr/lib/gcc/x86_64-linux-gnu/4.8/../../..]
    arg [CMakeFiles/cmTryCompileExec73380464.dir/CMakeCCompilerABI.c.o] ==> ignore
    arg [-lgcc] ==> lib [gcc]
    arg [--as-needed] ==> ignore
    arg [-lgcc_s] ==> lib [gcc_s]
    arg [--no-as-needed] ==> ignore
    arg [-lc] ==> lib [c]
    arg [-lgcc] ==> lib [gcc]
    arg [--as-needed] ==> ignore
    arg [-lgcc_s] ==> lib [gcc_s]
    arg [--no-as-needed] ==> ignore
    arg [/usr/lib/gcc/x86_64-linux-gnu/4.8/crtend.o] ==> ignore
    arg [/usr/lib/gcc/x86_64-linux-gnu/4.8/../../../x86_64-linux-gnu/crtn.o] ==> ignore
  remove lib [gcc]
  remove lib [gcc_s]
  remove lib [gcc]
  remove lib [gcc_s]
  collapse library dir [/usr/lib/gcc/x86_64-linux-gnu/4.8] ==> [/usr/lib/gcc/x86_64-linux-gnu/4.8]
  collapse library dir [/usr/lib/gcc/x86_64-linux-gnu/4.8/../../../x86_64-linux-gnu] ==> [/usr/lib/x86_64-linux-gnu]
  collapse library dir [/usr/lib/gcc/x86_64-linux-gnu/4.8/../../../../lib] ==> [/usr/lib]
  collapse library dir [/lib/x86_64-linux-gnu] ==> [/lib/x86_64-linux-gnu]
  collapse library dir [/lib/../lib] ==> [/lib]
  collapse library dir [/usr/lib/x86_64-linux-gnu] ==> [/usr/lib/x86_64-linux-gnu]
  collapse library dir [/usr/lib/../lib] ==> [/usr/lib]
  collapse library dir [/usr/lib/gcc/x86_64-linux-gnu/4.8/../../..] ==> [/usr/lib]
  implicit libs: [c]
  implicit dirs: [/usr/lib/gcc/x86_64-linux-gnu/4.8;/usr/lib/x86_64-linux-gnu;/usr/lib;/lib/x86_64-linux-gnu;/lib]
  implicit fwks: []


Determining if the CXX compiler works passed with the following output:
Change Dir: /home/jmelo/projects/fractal-viewer/build/CMakeFiles/CMakeTmp

Run Build Command:/usr/bin/make "cmTryCompileExec1748745938/fast"
/usr/bin/make -f CMakeFiles/cmTryCompileExec1748745938.dir/build.make CMakeFiles/cmTryCompileExec1748745938.dir/build
make[1]: Entering directory `/home/jmelo/projects/fractal-viewer/build/CMakeFiles/CMakeTmp'
/usr/bin/cmake -E cmake_progress_report /home/jmelo/projects/fractal-viewer/build/CMakeFiles/CMakeTmp/CMakeFiles 1
Building CXX object CMakeFiles/cmTryCompileExec1748745938.dir/testCXXCompiler.cxx.o
/usr/bin/c++     -o CMakeFiles/cmTryCompileExec1748745938.dir/testCXXCompiler.cxx.o -c /home/jmelo/projects/fractal-viewer/build/CMakeFiles/CMakeTmp/testCXXCompiler.cxx
Linking CXX executable cmTryCompileExec1748745938
/usr/bin/cmake -E cmake_link_script CMakeFiles/cmTryCompileExec1748745938.dir/link.txt --verbose=1
/usr/bin/c++        CMakeFiles/cmTryCompileExec1748745938.dir/testCXXCompiler.cxx.o  -o cmTryCompileExec1748745938 -rdynamic 
make[1]: Leaving directory `/home/jmelo/projects/fractal-viewer/build/CMakeFiles/CMakeTmp'


Detecting CXX compiler ABI info compiled with the following output:
Change Dir: /home/jmelo/projects/fractal-viewer/build/CMakeFiles/CMakeTmp

Run Build Command:/usr/bin/make "cmTryCompileExec1721901549/fast"
/usr/bin/make -f CMakeFiles/cmTryCompileExec1721901549.dir/build.make CMakeFiles/cmTryCompileExec1721901549.dir/build
make[1]: Entering directory `/home/jmelo/projects/fractal-viewer/build/CMakeFiles/CMakeTmp'
/usr/bin/cmake -E cmake_progress_report /home/jmelo/projects/fractal-viewer/build/CMakeFiles/CMakeTmp/CMakeFiles 1
Building CXX object CMakeFiles/cmTryCompileExec1721901549.dir/CMakeCXXCompilerABI.cpp.o
/usr/bin/c++     -o CMakeFiles/cmTryCompileExec1721901549.dir/CMakeCXXCompilerABI.cpp.o -c /usr/share/cmake-2.8/Modules/CMakeCXXCompilerABI.cpp
Linking CXX executable cmTryCompileExec1721901549
/usr/bin/cmake -E cmake_link_script CMakeFiles/cmTryCompileExec1721901549.dir/link.txt --verbose=1
/usr/bin/c++      -v CMakeFiles/cmTryCompileExec1721901549.dir/CMakeCXXCompilerABI.cpp.o  -o cmTryCompileExec1721901549 -rdynamic  
Using built-in specs.
COLLECT_GCC=/usr/bin/c++
COLLECT_LTO_WRAPPER=/usr/lib/gcc/x86_64-linux-gnu/4.8/lto-wrapper
Target: x86_64-linux-gnu
Configured with: ../src/configure -v --with-pkgversion='Ubuntu 4.8.2-19ubuntu1' --with-bugurl=file:///usr/share/doc/gcc-4.8/README.Bugs --enable-languages=c,c++,java,go,d,fortran,objc,obj-c++ --prefix=/usr --program-suffix=-4.8 --enable-shared --enable-linker-build-id --libexecdir=/usr/lib --without-included-gettext --enable-threads=posix --with-gxx-include-dir=/usr/include/c++/4.8 --libdir=/usr/lib --enable-nls --with-sysroot=/ --enable-clocale=gnu --enable-libstdcxx-debug --enable-libstdcxx-time=yes --enable-gnu-unique-object --disable-libmudflap --enable-plugin --with-system-zlib --disable-browser-plugin --enable-java-awt=gtk --enable-gtk-cairo --with-java-home=/usr/lib/jvm/java-1.5.0-gcj-4.8-amd64/jre --enable-java-home --with-jvm-root-dir=/usr/lib/jvm/java-1.5.0-gcj-4.8-amd64 --with-jvm-jar-dir=/usr/lib/jvm-exports/java-1.5.0-gcj-4.8-amd64 --with-arch-directory=amd64 --with-ecj-jar=/usr/share/java/eclipse-ecj.jar --enable-objc-gc --enable-multiarch --disable-werror --with-arch-32=i686 --with-abi=m64 --with-multilib-list=m32,m64,mx32 --with-tune=generic --enable-checking=release --build=x86_64-linux-gnu --host=x86_64-linux-gnu --target=x86_64-linux-gnu
Thread model: posix
gcc version 4.8.2 (Ubuntu 4.8.2-19ubuntu1) 
COMPILER_PATH=/usr/lib/gcc/x86_64-linux-gnu/4.8/:/usr/lib/gcc/x86_64-linux-gnu/4.8/:/usr/lib/gcc/x86_64-linux-gnu/:/usr/lib/gcc/x86_64-linux-gnu/4.8/:/usr/lib/gcc/x86_64-linux-gnu/
LIBRARY_PATH=/usr/lib/gcc/x86_64-linux-gnu/4.8/:/usr/lib/gcc/x86_64-linux-gnu/4.8/../../../x86_64-linux-gnu/:/usr/lib/gcc/x86_64-linux-gnu/4.8/../../../../lib/:/lib/x86_64-linux-gnu/:/lib/../lib/:/usr/lib/x86_64-linux-gnu/:/usr/lib/../lib/:/usr/lib/gcc/x86_64-linux-gnu/4.8/../../../:/lib/:/usr/lib/
COLLECT_GCC_OPTIONS='-v' '-o' 'cmTryCompileExec1721901549' '-rdynamic' '-shared-libgcc' '-mtune=generic' '-march=x86-64'
 /usr/lib/gcc/x86_64-linux-gnu/4.8/collect2 --sysroot=/ --build-id --eh-frame-hdr -m elf_x86_64 --hash-style=gnu --as-needed -export-dynamic -dynamic-linker /lib64/ld-linux-x86-64.so.2 -z relro -o cmTryCompileExec1721901549 /usr/lib/gcc/x86_64-linux-gnu/4.8/../../../x86_64-linux-gnu/crt1.o /usr/lib/gcc/x86_64-linux-gnu/4.8/../../../x86_64-linux-gnu/crti.o /usr/lib/gcc/x86_64-linux-gnu/4.8/crtbegin.o -L/usr/lib/gcc/x86_64-linux-gnu/4.8 -L/usr/lib/gcc/x86_64-linux-gnu/4.8/../../../x86_64-linux-gnu -L/usr/lib/gcc/x86_64-linux-gnu/4.8/../../../../lib -L/lib/x86_64-linux-gnu -L/lib/../lib -L/usr/lib/x86_64-linux-gnu -L/usr/lib/../lib -L/usr/lib/gcc/x86_64-linux-gnu/4.8/../../.. CMakeFiles/cmTryCompileExec1721901549.dir/CMakeCXXCompilerABI.cpp.o -lstdc++ -lm -lgcc_s -lgcc -lc -lgcc_s -lgcc /usr/lib/gcc/x86_64-linux-gnu/4.8/crtend.o /usr/lib/gcc/x86_64-linux-gnu/4.8/../../../x86_64-linux-gnu/crtn.o
make[1]: Leaving directory `/home/jmelo/projects/fractal-viewer/build/CMakeFiles/CMakeTmp'


Parsed CXX implicit link information from above output:
  link line regex: [^( *|.*[/\])(ld|([^/\]+-)?ld|collect2)[^/\]*( |$)]
  ignore line: [Change Dir: /home/jmelo/projects/fractal-viewer/build/CMakeFiles/CMakeTmp]
  ignore line: []
  ignore line: [Run Build Command:/usr/bin/make "cmTryCompileExec1721901549/fast"]
  ignore line: [/usr/bin/make -f CMakeFiles/cmTryCompileExec1721901549.dir/build.make CMakeFiles/cmTryCompileExec1721901549.dir/build]
  ignore line: [make[1]: Entering directory `/home/jmelo/projects/fractal-viewer/build/CMakeFiles/CMakeTmp']
  ignore line: [/usr/bin/cmake -E cmake_progress_report /home/jmelo/projects/fractal-viewer/build/CMakeFiles/CMakeTmp/CMakeFiles 1]
  ignore line: [Building CXX object CMakeFiles/cmTryCompileExec1721901549.dir/CMakeCXXCompilerABI.cpp.o]
  ignore line: [/usr/bin/c++     -o CMakeFiles/cmTryCompileExec1721901549.dir/CMakeCXXCompilerABI.cpp.o -c /usr/share/cmake-2.8/Modules/CMakeCXXCompilerABI.cpp]
  ignore line: [Linking CXX executable cmTryCompileExec1721901549]
  ignore line: [/usr/bin/cmake -E cmake_link_script CMakeFiles/cmTryCompileExec1721901549.dir/link.txt --verbose=1]
  ignore line: [/usr/bin/c++      -v CMakeFiles/cmTryCompileExec1721901549.dir/CMakeCXXCompilerABI.cpp.o  -o cmTryCompileExec1721901549 -rdynamic  ]
  ignore line: [Using built-in specs.]
  ignore line: [COLLECT_GCC=/usr/bin/c++]
  ignore line: [COLLECT_LTO_WRAPPER=/usr/lib/gcc/x86_64-linux-gnu/4.8/lto-wrapper]
  ignore line: [Target: x86_64-linux-gnu]
  ignore line: [Configured with: ../src/configure -v --with-pkgversion='Ubuntu 4.8.2-19ubuntu1' --with-bugurl=file:///usr/share/doc/gcc-4.8/README.Bugs --enable-languages=c,c++,java,go,d,fortran,objc,obj-c++ --prefix=/usr --program-suffix=-4.8 --enable-shared --enable-linker-build-id --libexecdir=/usr/lib --without-included-gettext --enable-threads=posix --with-gxx-include-dir=/usr/include/c++/4.8 --libdir=/usr/lib --enable-nls --with-sysroot=/ --enable-clocale=gnu --enable-libstdcxx-debug --enable-libstdcxx-time=yes --enable-gnu-unique-object --disable-libmudflap --enable-plugin --with-system-zlib --disable-browser-plugin --enable-java-awt=gtk --enable-gtk-cairo --with-java-home=/usr/lib/jvm/java-1.5.0-gcj-4.8-amd64/jre --enable-java-home --with-jvm-root-dir=/usr/lib/jvm/java-1.5.0-gcj-4.8-amd64 --with-jvm-jar-dir=/usr/lib/jvm-exports/java-1.5.0-gcj-4.8-amd64 --with-arch-directory=amd64 --with-ecj-jar=/usr/share/java/eclipse-ecj.jar --enable-objc-gc --enable-multiarch --disable-werror --with-arch-32=i686 --with-abi=m64 --with-multilib-list=m32,m64,mx32 --with-tune=generic --enable-checking=release --build=x86_64-linux-gnu --host=x86_64-linux-gnu --target=x86_64-linux-gnu]
  ignore line: [Thread model: posix]
  ignore line: [gcc version 4.8.2 (Ubuntu 4.8.2-19ubuntu1) ]
  ignore line: [COMPILER_PATH=/usr/lib/gcc/x86_64-linux-gnu/4.8/:/usr/lib/gcc/x86_64-linux-gnu/4.8/:/usr/lib/gcc/x86_64-linux-gnu/:/usr/lib/gcc/x86_64-linux-gnu/4.8/:/usr/lib/gcc/x86_64-linux-gnu/]
  ignore line: [LIBRARY_PATH=/usr/lib/gcc/x86_64-linux-gnu/4.8/:/usr/lib/gcc/x86_64-linux-gnu/4.8/../../../x86_64-linux-gnu/:/usr/lib/gcc/x86_64-linux-gnu/4.8/../../../../lib/:/lib/x86_64-linux-gnu/:/lib/../lib/:/usr/lib/x86_64-linux-gnu/:/usr/lib/../lib/:/usr/lib/gcc/x86_64-linux-gnu/4.8/../../../:/lib/:/usr/lib/]
  ignore line: [COLLECT_GCC_OPTIONS='-v' '-o' 'cmTryCompileExec1721901549' '-rdynamic' '-shared-libgcc' '-mtune=generic' '-march=x86-64']
  link line: [ /usr/lib/gcc/x86_64-linux-gnu/4.8/collect2 --sysroot=/ --build-id --eh-frame-hdr -m elf_x86_64 --hash-style=gnu --as-needed -export-dynamic -dynamic-linker /lib64/ld-linux-x86-64.so.2 -z relro -o cmTryCompileExec1721901549 /usr/lib/gcc/x86_64-linux-gnu/4.8/../../../x86_64-linux-gnu/crt1.o /usr/lib/gcc/x86_64-linux-gnu/4.8/../../../x86_64-linux-gnu/crti.o /usr/lib/gcc/x86_64-linux-gnu/4.8/crtbegin.o -L/usr/lib/gcc/x86_64-linux-gnu/4.8 -L/usr/lib/gcc/x86_64-linux-gnu/4.8/../../../x86_64-linux-gnu -L/usr/lib/gcc/x86_64-linux-gnu/4.8/../../../../lib -L/lib/x86_64-linux-gnu -L/lib/../lib -L/usr/lib/x86_64-linux-gnu -L/usr/lib/../lib -L/usr/lib/gcc/x86_64-linux-gnu/4.8/../../.. CMakeFiles/cmTryCompileExec1721901549.dir/CMakeCXXCompilerABI.cpp.o -lstdc++ -lm -lgcc_s -lgcc -lc -lgcc_s -lgcc /usr/lib/gcc/x86_64-linux-gnu/4.8/crtend.o /usr/lib/gcc/x86_64-linux-gnu/4.8/../../../x86_64-linux-gnu/crtn.o]
    arg [/usr/lib/gcc/x86_64-linux-gnu/4.8/collect2] ==> ignore
    arg [--sysroot=/] ==> ignore
    arg [--build-id] ==> ignore
    arg [--eh-frame-hdr] ==> ignore
    arg [-m] ==> ignore
    arg [elf_x86_64] ==> ignore
    arg [--hash-style=gnu] ==> ignore
    arg [--as-needed] ==> ignore
    arg [-export-dynamic] ==> ignore
    arg [-dynamic-linker] ==> ignore
    arg [/lib64/ld-linux-x86-64.so.2] ==> ignore
    arg [-zrelro] ==> ignore
    arg [-o] ==> ignore
    arg [cmTryCompileExec1721901549] ==> ignore
    arg [/usr/lib/gcc/x86_64-linux-gnu/4.8/../../../x86_64-linux-gnu/crt1.o] ==> ignore
    arg [/usr/lib/gcc/x86_64-linux-gnu/4.8/../../../x86_64-linux-gnu/crti.o] ==> ignore
    arg [/usr/lib/gcc/x86_64-linux-gnu/4.8/crtbegin.o] ==> ignore
    arg [-L/usr/lib/gcc/x86_64-linux-gnu/4.8] ==> dir [/usr/lib/gcc/x86_64-linux-gnu/4.8]
    arg [-L/usr/lib/gcc/x86_64-linux-gnu/4.8/../../../x86_64-linux-gnu] ==> dir [/usr/lib/gcc/x86_64-linux-gnu/4.8/../../../x86_64-linux-gnu]
    arg [-L/usr/lib/gcc/x86_64-linux-gnu/4.8/../../../../lib] ==> dir [/usr/lib/gcc/x86_64-linux-gnu/4.8/../../../../lib]
    arg [-L/lib/x86_64-linux-gnu] ==> dir [/lib/x86_64-linux-gnu]
    arg [-L/lib/../lib] ==> dir [/lib/../lib]
    arg [-L/usr/lib/x86_64-linux-gnu] ==> dir [/usr/lib/x86_64-linux-gnu]
    arg [-L/usr/lib/../lib] ==> dir [/usr/lib/../lib]
    arg [-L/usr/lib/gcc/x86_64-linux-gnu/4.8/../../..] ==> dir [/usr/lib/gcc/x86_64-linux-gnu/4.8/../../..]
    arg [CMakeFiles/cmTryCompileExec1721901549.dir/CMakeCXXCompilerABI.cpp.o] ==> ignore
    arg [-lstdc++] ==> lib [stdc++]
    arg [-lm] ==> lib [m]
    arg [-lgcc_s] ==> lib [gcc_s]
    arg [-lgcc] ==> lib [gcc]
    arg [-lc] ==> lib [c]
    arg [-lgcc_s] ==> lib [gcc_s]
    arg [-lgcc] ==> lib [gcc]
    arg [/usr/lib/gcc/x86_64-linux-gnu/4.8/crtend.o] ==> ignore
    arg [/usr/lib/gcc/x86_64-linux-gnu/4.8/../../../x86_64-linux-gnu/crtn.o] ==> ignore
  remove lib [gcc_s]
  remove lib [gcc]
  remove lib [gcc_s]
  remove lib [gcc]
  collapse library dir [/usr/lib/gcc/x86_64-linux-gnu/4.8] ==> [/usr/lib/gcc/x86_64-linux-gnu/4.8]
  collapse library dir [/usr/lib/gcc/x86_64-linux-gnu/4.8/../../../x86_64-linux-gnu] ==> [/usr/lib/x86_64-linux-gnu]
  collapse library dir [/usr/lib/gcc/x86_64-linux-gnu/4.8/../../../../lib] ==> [/usr/lib]
  collapse library dir [/lib/x86_64-linux-gnu] ==> [/lib/x86_64-linux-gnu]
  collapse library dir [/lib/../lib] ==> [/lib]
  collapse library dir [/usr/lib/x86_64-linux-gnu] ==> [/usr/lib/x86_64-linux-gnu]
  collapse library dir [/usr/lib/../lib] ==> [/usr/lib]
  collapse library dir [/usr/lib/gcc/x86_64-linux-gnu/4.8/../../..] ==> [/usr/lib]
  implicit libs: [stdc++;m;c]
  implicit dirs: [/usr/lib/gcc/x86_64-linux-gnu/4.8;/usr/lib/x86_64-linux-gnu;/usr/lib;/lib/x86_64-linux-gnu;/lib]
  implicit fwks: []


Determining if files pthread.h exist passed with the following output:
Change Dir: /home/jmelo/projects/fractal-viewer/build/CMakeFiles/CMakeTmp

Run Build Command:/usr/bin/make "cmTryCompileExec3287830491/fast"
make[1]: Entering directory `/home/jmelo/projects/fractal-viewer/build/CMakeFiles/CMakeTmp'
/usr/bin/make -f CMakeFiles/cmTryCompileExec3287830491.dir/build.make CMakeFiles/cmTryCompileExec3287830491.dir/build
make[2]: Entering directory `/home/jmelo/projects/fractal-viewer/build/CMakeFiles/CMakeTmp'
/usr/bin/cmake -E cmake_progress_report /home/jmelo/projects/fractal-viewer/build/CMakeFiles/CMakeTmp/CMakeFiles 1
Building C object CMakeFiles/cmTryCompileExec3287830491.dir/CheckIncludeFiles.c.o
/usr/bin/cc    -o CMakeFiles/cmTryCompileExec3287830491.dir/CheckIncludeFiles.c.o   -c /home/jmelo/projects/fractal-viewer/build/CMakeFiles/CMakeTmp/CheckIncludeFiles.c
Linking C executable cmTryCompileExec3287830491
/usr/bin/cmake -E cmake_link_script CMakeFiles/cmTryCompileExec3287830491.dir/link.txt --verbose=1
/usr/bin/cc       CMakeFiles/cmTryCompileExec3287830491.dir/CheckIncludeFiles.c.o  -o cmTryCompileExec3287830491 -rdynamic 
make[2]: Leaving directory `/home/jmelo/projects/fractal-viewer/build/CMakeFiles/CMakeTmp'
make[1]: Leaving directory `/home/jmelo/projects/fractal-viewer/build/CMakeFiles/CMakeTmp'


Determining if the function pthread_create exists in the pthread passed with the following output:
Change Dir: /home/jmelo/projects/fractal-viewer/build/CMakeFiles/CMakeTmp

Run Build Command:/usr/bin/make "cmTryCompileExec2079082366/fast"
make[1]: Entering directory `/home/jmelo/projects/fractal-viewer/build/CMakeFiles/CMakeTmp'
/usr/bin/make -f CMakeFiles/cmTryCompileExec2079082366.dir/build.make CMakeFiles/cmTryCompileExec2079082366.dir/build
make[2]: Entering directory `/home/jmelo/projects/fractal-viewer/build/CMakeFiles/CMakeTmp'
/usr/bin/cmake -E cmake_progress_report /home/jmelo/projects/fractal-viewer/build/CMakeFiles/CMakeTmp/CMakeFiles 1
Building C object CMakeFiles/cmTryCompileExec2079082366.dir/CheckFunctionExists.c.o
/usr/bin/cc   -DCHECK_FUNCTION_EXISTS=pthread_create   -o CMakeFiles/cmTryCompileExec2079082366.dir/CheckFunctionExists.c.o   -c /usr/share/cmake-2.8/Modules/CheckFunctionExists.c
Linking C executable cmTryCompileExec2079082366
/usr/bin/cmake -E cmake_link_script CMakeFiles/cmTryCompileExec2079082366.dir/link.txt --verbose=1
/usr/bin/cc   -DCHECK_FUNCTION_EXISTS=pthread_create    CMakeFiles/cmTryCompileExec2079082366.dir/CheckFunctionExists.c.o  -o cmTryCompileExec2079082366 -rdynamic -lpthread 
make[2]: Leaving directory `/home/jmelo/projects/fractal-viewer/build/CMakeFiles/CMakeTmp'
make[1]: Leaving directory `/home/jmelo/projects/fractal-viewer/build/CMakeFiles/CMakeTmp'


Performing C++ SOURCE FILE Test _OFFT_IS_64BIT succeded with the following output:
Change Dir: /home/jmelo/projects/fractal-viewer/build/CMakeFiles/CMakeTmp

Run Build Command:/usr/bin/make "cmTryCompileExec475328632/fast"
make[1]: Entering directory `/home/jmelo/projects/fractal-viewer/build/CMakeFiles/CMakeTmp'
/usr/bin/make -f CMakeFiles/cmTryCompileExec475328632.dir/build.make CMakeFiles/cmTryCompileExec475328632.dir/build
make[2]: Entering directory `/home/jmelo/projects/fractal-viewer/build/CMakeFiles/CMakeTmp'
/usr/bin/cmake -E cmake_progress_report /home/jmelo/projects/fractal-viewer/build/CMakeFiles/CMakeTmp/CMakeFiles 1
Building CXX object CMakeFiles/cmTryCompileExec475328632.dir/src.cxx.o
/usr/bin/c++    -D_OFFT_IS_64BIT   -o CMakeFiles/cmTryCompileExec475328632.dir/src.cxx.o -c /home/jmelo/projects/fractal-viewer/build/CMakeFiles/CMakeTmp/src.cxx
Linking CXX executable cmTryCompileExec475328632
/usr/bin/cmake -E cmake_link_script CMakeFiles/cmTryCompileExec475328632.dir/link.txt --verbose=1
/usr/bin/c++    -D_OFFT_IS_64BIT    CMakeFiles/cmTryCompileExec475328632.dir/src.cxx.o  -o cmTryCompileExec475328632 -rdynamic 
make[2]: Leaving directory `/home/jmelo/projects/fractal-viewer/build/CMakeFiles/CMakeTmp'
make[1]: Leaving directory `/home/jmelo/projects/fractal-viewer/build/CMakeFiles/CMakeTmp'

Source file was:

#include <sys/types.h>
 /* Check that off_t can represent 2**63 - 1 correctly.
    We can't simply define LARGE_OFF_T to be 9223372036854775807,
    since some C++ compilers masquerading as C compilers
    incorrectly reject 9223372036854775807.  */
#define LARGE_OFF_T (((off_t) 1 << 62) - 1 + ((off_t) 1 << 62))

  int off_t_is_large[(LARGE_OFF_T % 2147483629 == 721 && LARGE_OFF_T % 2147483647 == 1) ? 1 : -1];
  int main() { return 0; }

Performing C++ SOURCE FILE Test HAVE_FPIE_SUPPORT succeded with the following output:
Change Dir: /home/jmelo/projects/fractal-viewer/build/CMakeFiles/CMakeTmp

Run Build Command:/usr/bin/make "cmTryCompileExec40676336/fast"
make[1]: Entering directory `/home/jmelo/projects/fractal-viewer/build/CMakeFiles/CMakeTmp'
/usr/bin/make -f CMakeFiles/cmTryCompileExec40676336.dir/build.make CMakeFiles/cmTryCompileExec40676336.dir/build
make[2]: Entering directory `/home/jmelo/projects/fractal-viewer/build/CMakeFiles/CMakeTmp'
/usr/bin/cmake -E cmake_progress_report /home/jmelo/projects/fractal-viewer/build/CMakeFiles/CMakeTmp/CMakeFiles 1
Building CXX object CMakeFiles/cmTryCompileExec40676336.dir/src.cxx.o
/usr/bin/c++    -Wnon-virtual-dtor -Wno-long-long -Wundef -Wcast-align -Wchar-subscripts -Wall -W -Wpointer-arith -Wformat-security -fno-exceptions -DQT_NO_EXCEPTIONS -fno-check-new -fno-common -DHAVE_FPIE_SUPPORT   -fPIE -o CMakeFiles/cmTryCompileExec40676336.dir/src.cxx.o -c /home/jmelo/projects/fractal-viewer/build/CMakeFiles/CMakeTmp/src.cxx
Linking CXX executable cmTryCompileExec40676336
/usr/bin/cmake -E cmake_link_script CMakeFiles/cmTryCompileExec40676336.dir/link.txt --verbose=1
/usr/bin/c++    -Wnon-virtual-dtor -Wno-long-long -Wundef -Wcast-align -Wchar-subscripts -Wall -W -Wpointer-arith -Wformat-security -fno-exceptions -DQT_NO_EXCEPTIONS -fno-check-new -fno-common -DHAVE_FPIE_SUPPORT    CMakeFiles/cmTryCompileExec40676336.dir/src.cxx.o  -o cmTryCompileExec40676336 -rdynamic 
make[2]: Leaving directory `/home/jmelo/projects/fractal-viewer/build/CMakeFiles/CMakeTmp'
make[1]: Leaving directory `/home/jmelo/projects/fractal-viewer/build/CMakeFiles/CMakeTmp'

Source file was:
int main() { return 0;}
Performing C++ SOURCE FILE Test __KDE_HAVE_W_OVERLOADED_VIRTUAL succeded with the following output:
Change Dir: /home/jmelo/projects/fractal-viewer/build/CMakeFiles/CMakeTmp

Run Build Command:/usr/bin/make "cmTryCompileExec1297080717/fast"
make[1]: Entering directory `/home/jmelo/projects/fractal-viewer/build/CMakeFiles/CMakeTmp'
/usr/bin/make -f CMakeFiles/cmTryCompileExec1297080717.dir/build.make CMakeFiles/cmTryCompileExec1297080717.dir/build
make[2]: Entering directory `/home/jmelo/projects/fractal-viewer/build/CMakeFiles/CMakeTmp'
/usr/bin/cmake -E cmake_progress_report /home/jmelo/projects/fractal-viewer/build/CMakeFiles/CMakeTmp/CMakeFiles 1
Building CXX object CMakeFiles/cmTryCompileExec1297080717.dir/src.cxx.o
/usr/bin/c++    -Wnon-virtual-dtor -Wno-long-long -Wundef -Wcast-align -Wchar-subscripts -Wall -W -Wpointer-arith -Wformat-security -fno-exceptions -DQT_NO_EXCEPTIONS -fno-check-new -fno-common -D__KDE_HAVE_W_OVERLOADED_VIRTUAL   -Woverloaded-virtual -o CMakeFiles/cmTryCompileExec1297080717.dir/src.cxx.o -c /home/jmelo/projects/fractal-viewer/build/CMakeFiles/CMakeTmp/src.cxx
Linking CXX executable cmTryCompileExec1297080717
/usr/bin/cmake -E cmake_link_script CMakeFiles/cmTryCompileExec1297080717.dir/link.txt --verbose=1
/usr/bin/c++    -Wnon-virtual-dtor -Wno-long-long -Wundef -Wcast-align -Wchar-subscripts -Wall -W -Wpointer-arith -Wformat-security -fno-exceptions -DQT_NO_EXCEPTIONS -fno-check-new -fno-common -D__KDE_HAVE_W_OVERLOADED_VIRTUAL    CMakeFiles/cmTryCompileExec1297080717.dir/src.cxx.o  -o cmTryCompileExec1297080717 -rdynamic 
make[2]: Leaving directory `/home/jmelo/projects/fractal-viewer/build/CMakeFiles/CMakeTmp'
make[1]: Leaving directory `/home/jmelo/projects/fractal-viewer/build/CMakeFiles/CMakeTmp'

Source file was:
int main() { return 0;}
Performing C++ SOURCE FILE Test __KDE_HAVE_GCC_VISIBILITY succeded with the following output:
Change Dir: /home/jmelo/projects/fractal-viewer/build/CMakeFiles/CMakeTmp

Run Build Command:/usr/bin/make "cmTryCompileExec1306206590/fast"
make[1]: Entering directory `/home/jmelo/projects/fractal-viewer/build/CMakeFiles/CMakeTmp'
/usr/bin/make -f CMakeFiles/cmTryCompileExec1306206590.dir/build.make CMakeFiles/cmTryCompileExec1306206590.dir/build
make[2]: Entering directory `/home/jmelo/projects/fractal-viewer/build/CMakeFiles/CMakeTmp'
/usr/bin/cmake -E cmake_progress_report /home/jmelo/projects/fractal-viewer/build/CMakeFiles/CMakeTmp/CMakeFiles 1
Building CXX object CMakeFiles/cmTryCompileExec1306206590.dir/src.cxx.o
/usr/bin/c++    -Wnon-virtual-dtor -Wno-long-long -Wundef -Wcast-align -Wchar-subscripts -Wall -W -Wpointer-arith -Wformat-security -fno-exceptions -DQT_NO_EXCEPTIONS -fno-check-new -fno-common -Woverloaded-virtual -D__KDE_HAVE_GCC_VISIBILITY   -fvisibility=hidden -o CMakeFiles/cmTryCompileExec1306206590.dir/src.cxx.o -c /home/jmelo/projects/fractal-viewer/build/CMakeFiles/CMakeTmp/src.cxx
Linking CXX executable cmTryCompileExec1306206590
/usr/bin/cmake -E cmake_link_script CMakeFiles/cmTryCompileExec1306206590.dir/link.txt --verbose=1
/usr/bin/c++    -Wnon-virtual-dtor -Wno-long-long -Wundef -Wcast-align -Wchar-subscripts -Wall -W -Wpointer-arith -Wformat-security -fno-exceptions -DQT_NO_EXCEPTIONS -fno-check-new -fno-common -Woverloaded-virtual -D__KDE_HAVE_GCC_VISIBILITY    CMakeFiles/cmTryCompileExec1306206590.dir/src.cxx.o  -o cmTryCompileExec1306206590 -rdynamic 
make[2]: Leaving directory `/home/jmelo/projects/fractal-viewer/build/CMakeFiles/CMakeTmp'
make[1]: Leaving directory `/home/jmelo/projects/fractal-viewer/build/CMakeFiles/CMakeTmp'

Source file was:
int main() { return 0;}
Determining if the _POSIX_TIMERS exist passed with the following output:
Change Dir: /home/jmelo/projects/fractal-viewer/build/CMakeFiles/CMakeTmp

Run Build Command:/usr/bin/make "cmTryCompileExec883703065/fast"
/usr/bin/make -f CMakeFiles/cmTryCompileExec883703065.dir/build.make CMakeFiles/cmTryCompileExec883703065.dir/build
make[1]: Entering directory `/home/jmelo/projects/fractal-viewer/build/CMakeFiles/CMakeTmp'
/usr/bin/cmake -E cmake_progress_report /home/jmelo/projects/fractal-viewer/build/CMakeFiles/CMakeTmp/CMakeFiles 1
Building C object CMakeFiles/cmTryCompileExec883703065.dir/CheckSymbolExists.c.o
/usr/bin/cc    -o CMakeFiles/cmTryCompileExec883703065.dir/CheckSymbolExists.c.o   -c /home/jmelo/projects/fractal-viewer/build/CMakeFiles/CMakeTmp/CheckSymbolExists.c
Linking C executable cmTryCompileExec883703065
/usr/bin/cmake -E cmake_link_script CMakeFiles/cmTryCompileExec883703065.dir/link.txt --verbose=1
/usr/bin/cc       CMakeFiles/cmTryCompileExec883703065.dir/CheckSymbolExists.c.o  -o cmTryCompileExec883703065 -rdynamic -lrt 
make[1]: Leaving directory `/home/jmelo/projects/fractal-viewer/build/CMakeFiles/CMakeTmp'

File /home/jmelo/projects/fractal-viewer/build/CMakeFiles/CMakeTmp/CheckSymbolExists.c:
/* */
#include <unistd.h>
#include <time.h>

int main(int argc, char** argv)
{
  (void)argv;
#ifndef _POSIX_TIMERS
  return ((int*)(&_POSIX_TIMERS))[argc];
#else
  (void)argc;
  return 0;
#endif
}

Determining if files pthread.h exist passed with the following output:
Change Dir: /home/jmelo/projects/fractal-viewer/build/CMakeFiles/CMakeTmp

Run Build Command:/usr/bin/make "cmTryCompileExec3145567279/fast"
/usr/bin/make -f CMakeFiles/cmTryCompileExec3145567279.dir/build.make CMakeFiles/cmTryCompileExec3145567279.dir/build
make[1]: Entering directory `/home/jmelo/projects/fractal-viewer/build/CMakeFiles/CMakeTmp'
/usr/bin/cmake -E cmake_progress_report /home/jmelo/projects/fractal-viewer/build/CMakeFiles/CMakeTmp/CMakeFiles 1
Building C object CMakeFiles/cmTryCompileExec3145567279.dir/CheckIncludeFiles.c.o
/usr/bin/cc    -o CMakeFiles/cmTryCompileExec3145567279.dir/CheckIncludeFiles.c.o   -c /home/jmelo/projects/fractal-viewer/build/CMakeFiles/CMakeTmp/CheckIncludeFiles.c
Linking C executable cmTryCompileExec3145567279
/usr/bin/cmake -E cmake_link_script CMakeFiles/cmTryCompileExec3145567279.dir/link.txt --verbose=1
/usr/bin/cc       CMakeFiles/cmTryCompileExec3145567279.dir/CheckIncludeFiles.c.o  -o cmTryCompileExec3145567279 -rdynamic 
make[1]: Leaving directory `/home/jmelo/projects/fractal-viewer/build/CMakeFiles/CMakeTmp'


Determining if the function pthread_create exists in the pthread passed with the following output:
Change Dir: /home/jmelo/projects/fractal-viewer/build/CMakeFiles/CMakeTmp

Run Build Command:/usr/bin/make "cmTryCompileExec787249542/fast"
/usr/bin/make -f CMakeFiles/cmTryCompileExec787249542.dir/build.make CMakeFiles/cmTryCompileExec787249542.dir/build
make[1]: Entering directory `/home/jmelo/projects/fractal-viewer/build/CMakeFiles/CMakeTmp'
/usr/bin/cmake -E cmake_progress_report /home/jmelo/projects/fractal-viewer/build/CMakeFiles/CMakeTmp/CMakeFiles 1
Building C object CMakeFiles/cmTryCompileExec787249542.dir/CheckFunctionExists.c.o
/usr/bin/cc   -DCHECK_FUNCTION_EXISTS=pthread_create   -o CMakeFiles/cmTryCompileExec787249542.dir/CheckFunctionExists.c.o   -c /usr/share/cmake-2.8/Modules/CheckFunctionExists.c
Linking C executable cmTryCompileExec787249542
/usr/bin/cmake -E cmake_link_script CMakeFiles/cmTryCompileExec787249542.dir/link.txt --verbose=1
/usr/bin/cc   -DCHECK_FUNCTION_EXISTS=pthread_create    CMakeFiles/cmTryCompileExec787249542.dir/CheckFunctionExists.c.o  -o cmTryCompileExec787249542 -rdynamic -lpthread 
make[1]: Leaving directory `/home/jmelo/projects/fractal-viewer/build/CMakeFiles/CMakeTmp'


Performing C++ SOURCE FILE Test _OFFT_IS_64BIT succeded with the following output:
Change Dir: /home/jmelo/projects/fractal-viewer/build/CMakeFiles/CMakeTmp

Run Build Command:/usr/bin/make "cmTryCompileExec2331058425/fast"
/usr/bin/make -f CMakeFiles/cmTryCompileExec2331058425.dir/build.make CMakeFiles/cmTryCompileExec2331058425.dir/build
make[1]: Entering directory `/home/jmelo/projects/fractal-viewer/build/CMakeFiles/CMakeTmp'
/usr/bin/cmake -E cmake_progress_report /home/jmelo/projects/fractal-viewer/build/CMakeFiles/CMakeTmp/CMakeFiles 1
Building CXX object CMakeFiles/cmTryCompileExec2331058425.dir/src.cxx.o
/usr/bin/c++    -D_OFFT_IS_64BIT   -o CMakeFiles/cmTryCompileExec2331058425.dir/src.cxx.o -c /home/jmelo/projects/fractal-viewer/build/CMakeFiles/CMakeTmp/src.cxx
Linking CXX executable cmTryCompileExec2331058425
/usr/bin/cmake -E cmake_link_script CMakeFiles/cmTryCompileExec2331058425.dir/link.txt --verbose=1
/usr/bin/c++    -D_OFFT_IS_64BIT    CMakeFiles/cmTryCompileExec2331058425.dir/src.cxx.o  -o cmTryCompileExec2331058425 -rdynamic 
make[1]: Leaving directory `/home/jmelo/projects/fractal-viewer/build/CMakeFiles/CMakeTmp'

Source file was:

#include <sys/types.h>
 /* Check that off_t can represent 2**63 - 1 correctly.
    We can't simply define LARGE_OFF_T to be 9223372036854775807,
    since some C++ compilers masquerading as C compilers
    incorrectly reject 9223372036854775807.  */
#define LARGE_OFF_T (((off_t) 1 << 62) - 1 + ((off_t) 1 << 62))

  int off_t_is_large[(LARGE_OFF_T % 2147483629 == 721 && LARGE_OFF_T % 2147483647 == 1) ? 1 : -1];
  int main() { return 0; }

Performing C++ SOURCE FILE Test HAVE_FPIE_SUPPORT succeded with the following output:
Change Dir: /home/jmelo/projects/fractal-viewer/build/CMakeFiles/CMakeTmp

Run Build Command:/usr/bin/make "cmTryCompileExec57522212/fast"
/usr/bin/make -f CMakeFiles/cmTryCompileExec57522212.dir/build.make CMakeFiles/cmTryCompileExec57522212.dir/build
make[1]: Entering directory `/home/jmelo/projects/fractal-viewer/build/CMakeFiles/CMakeTmp'
/usr/bin/cmake -E cmake_progress_report /home/jmelo/projects/fractal-viewer/build/CMakeFiles/CMakeTmp/CMakeFiles 1
Building CXX object CMakeFiles/cmTryCompileExec57522212.dir/src.cxx.o
/usr/bin/c++    -Wnon-virtual-dtor -Wno-long-long -Wundef -Wcast-align -Wchar-subscripts -Wall -W -Wpointer-arith -Wformat-security -fno-exceptions -DQT_NO_EXCEPTIONS -fno-check-new -fno-common -DHAVE_FPIE_SUPPORT   -fPIE -o CMakeFiles/cmTryCompileExec57522212.dir/src.cxx.o -c /home/jmelo/projects/fractal-viewer/build/CMakeFiles/CMakeTmp/src.cxx
Linking CXX executable cmTryCompileExec57522212
/usr/bin/cmake -E cmake_link_script CMakeFiles/cmTryCompileExec57522212.dir/link.txt --verbose=1
/usr/bin/c++    -Wnon-virtual-dtor -Wno-long-long -Wundef -Wcast-align -Wchar-subscripts -Wall -W -Wpointer-arith -Wformat-security -fno-exceptions -DQT_NO_EXCEPTIONS -fno-check-new -fno-common -DHAVE_FPIE_SUPPORT    CMakeFiles/cmTryCompileExec57522212.dir/src.cxx.o  -o cmTryCompileExec57522212 -rdynamic 
make[1]: Leaving directory `/home/jmelo/projects/fractal-viewer/build/CMakeFiles/CMakeTmp'

Source file was:
int main() { return 0;}
Performing C++ SOURCE FILE Test __KDE_HAVE_W_OVERLOADED_VIRTUAL succeded with the following output:
Change Dir: /home/jmelo/projects/fractal-viewer/build/CMakeFiles/CMakeTmp

Run Build Command:/usr/bin/make "cmTryCompileExec2838755454/fast"
/usr/bin/make -f CMakeFiles/cmTryCompileExec2838755454.dir/build.make CMakeFiles/cmTryCompileExec2838755454.dir/build
make[1]: Entering directory `/home/jmelo/projects/fractal-viewer/build/CMakeFiles/CMakeTmp'
/usr/bin/cmake -E cmake_progress_report /home/jmelo/projects/fractal-viewer/build/CMakeFiles/CMakeTmp/CMakeFiles 1
Building CXX object CMakeFiles/cmTryCompileExec2838755454.dir/src.cxx.o
/usr/bin/c++    -Wnon-virtual-dtor -Wno-long-long -Wundef -Wcast-align -Wchar-subscripts -Wall -W -Wpointer-arith -Wformat-security -fno-exceptions -DQT_NO_EXCEPTIONS -fno-check-new -fno-common -D__KDE_HAVE_W_OVERLOADED_VIRTUAL   -Woverloaded-virtual -o CMakeFiles/cmTryCompileExec2838755454.dir/src.cxx.o -c /home/jmelo/projects/fractal-viewer/build/CMakeFiles/CMakeTmp/src.cxx
Linking CXX executable cmTryCompileExec2838755454
/usr/bin/cmake -E cmake_link_script CMakeFiles/cmTryCompileExec2838755454.dir/link.txt --verbose=1
/usr/bin/c++    -Wnon-virtual-dtor -Wno-long-long -Wundef -Wcast-align -Wchar-subscripts -Wall -W -Wpointer-arith -Wformat-security -fno-exceptions -DQT_NO_EXCEPTIONS -fno-check-new -fno-common -D__KDE_HAVE_W_OVERLOADED_VIRTUAL    CMakeFiles/cmTryCompileExec2838755454.dir/src.cxx.o  -o cmTryCompileExec2838755454 -rdynamic 
make[1]: Leaving directory `/home/jmelo/projects/fractal-viewer/build/CMakeFiles/CMakeTmp'

Source file was:
int main() { return 0;}
Performing C++ SOURCE FILE Test __KDE_HAVE_GCC_VISIBILITY succeded with the following output:
Change Dir: /home/jmelo/projects/fractal-viewer/build/CMakeFiles/CMakeTmp

Run Build Command:/usr/bin/make "cmTryCompileExec2932094711/fast"
/usr/bin/make -f CMakeFiles/cmTryCompileExec2932094711.dir/build.make CMakeFiles/cmTryCompileExec2932094711.dir/build
make[1]: Entering directory `/home/jmelo/projects/fractal-viewer/build/CMakeFiles/CMakeTmp'
/usr/bin/cmake -E cmake_progress_report /home/jmelo/projects/fractal-viewer/build/CMakeFiles/CMakeTmp/CMakeFiles 1
Building CXX object CMakeFiles/cmTryCompileExec2932094711.dir/src.cxx.o
/usr/bin/c++    -Wnon-virtual-dtor -Wno-long-long -Wundef -Wcast-align -Wchar-subscripts -Wall -W -Wpointer-arith -Wformat-security -fno-exceptions -DQT_NO_EXCEPTIONS -fno-check-new -fno-common -Woverloaded-virtual -D__KDE_HAVE_GCC_VISIBILITY   -fvisibility=hidden -o CMakeFiles/cmTryCompileExec2932094711.dir/src.cxx.o -c /home/jmelo/projects/fractal-viewer/build/CMakeFiles/CMakeTmp/src.cxx
Linking CXX executable cmTryCompileExec2932094711
/usr/bin/cmake -E cmake_link_script CMakeFiles/cmTryCompileExec2932094711.dir/link.txt --verbose=1
/usr/bin/c++    -Wnon-virtual-dtor -Wno-long-long -Wundef -Wcast-align -Wchar-subscripts -Wall -W -Wpointer-arith -Wformat-security -fno-exceptions -DQT_NO_EXCEPTIONS -fno-check-new -fno-common -Woverloaded-virtual -D__KDE_HAVE_GCC_VISIBILITY    CMakeFiles/cmTryCompileExec2932094711.dir/src.cxx.o  -o cmTryCompileExec2932094711 -rdynamic 
make[1]: Leaving directory `/home/jmelo/projects/fractal-viewer/build/CMakeFiles/CMakeTmp'

Source file was:
int main() { return 0;}
Determining if files pthread.h exist passed with the following output:
Change Dir: /home/jmelo/projects/fractal-viewer/build/CMakeFiles/CMakeTmp

Run Build Command:/usr/bin/make "cmTryCompileExec1639013005/fast"
/usr/bin/make -f CMakeFiles/cmTryCompileExec1639013005.dir/build.make CMakeFiles/cmTryCompileExec1639013005.dir/build
make[1]: Entering directory `/home/jmelo/projects/fractal-viewer/build/CMakeFiles/CMakeTmp'
/usr/bin/cmake -E cmake_progress_report /home/jmelo/projects/fractal-viewer/build/CMakeFiles/CMakeTmp/CMakeFiles 1
Building C object CMakeFiles/cmTryCompileExec1639013005.dir/CheckIncludeFiles.c.o
/usr/bin/cc    -o CMakeFiles/cmTryCompileExec1639013005.dir/CheckIncludeFiles.c.o   -c /home/jmelo/projects/fractal-viewer/build/CMakeFiles/CMakeTmp/CheckIncludeFiles.c
Linking C executable cmTryCompileExec1639013005
/usr/bin/cmake -E cmake_link_script CMakeFiles/cmTryCompileExec1639013005.dir/link.txt --verbose=1
/usr/bin/cc       CMakeFiles/cmTryCompileExec1639013005.dir/CheckIncludeFiles.c.o  -o cmTryCompileExec1639013005 -rdynamic 
make[1]: Leaving directory `/home/jmelo/projects/fractal-viewer/build/CMakeFiles/CMakeTmp'


Determining if the function pthread_create exists in the pthread passed with the following output:
Change Dir: /home/jmelo/projects/fractal-viewer/build/CMakeFiles/CMakeTmp

Run Build Command:/usr/bin/make "cmTryCompileExec3623525459/fast"
/usr/bin/make -f CMakeFiles/cmTryCompileExec3623525459.dir/build.make CMakeFiles/cmTryCompileExec3623525459.dir/build
make[1]: Entering directory `/home/jmelo/projects/fractal-viewer/build/CMakeFiles/CMakeTmp'
/usr/bin/cmake -E cmake_progress_report /home/jmelo/projects/fractal-viewer/build/CMakeFiles/CMakeTmp/CMakeFiles 1
Building C object CMakeFiles/cmTryCompileExec3623525459.dir/CheckFunctionExists.c.o
/usr/bin/cc   -DCHECK_FUNCTION_EXISTS=pthread_create   -o CMakeFiles/cmTryCompileExec3623525459.dir/CheckFunctionExists.c.o   -c /usr/share/cmake-2.8/Modules/CheckFunctionExists.c
Linking C executable cmTryCompileExec3623525459
/usr/bin/cmake -E cmake_link_script CMakeFiles/cmTryCompileExec3623525459.dir/link.txt --verbose=1
/usr/bin/cc   -DCHECK_FUNCTION_EXISTS=pthread_create    CMakeFiles/cmTryCompileExec3623525459.dir/CheckFunctionExists.c.o  -o cmTryCompileExec3623525459 -rdynamic -lpthread 
make[1]: Leaving directory `/home/jmelo/projects/fractal-viewer/build/CMakeFiles/CMakeTmp'


Performing C++ SOURCE FILE Test _OFFT_IS_64BIT succeded with the following output:
Change Dir: /home/jmelo/projects/fractal-viewer/build/CMakeFiles/CMakeTmp

Run Build Command:/usr/bin/make "cmTryCompileExec3415056026/fast"
/usr/bin/make -f CMakeFiles/cmTryCompileExec3415056026.dir/build.make CMakeFiles/cmTryCompileExec3415056026.dir/build
make[1]: Entering directory `/home/jmelo/projects/fractal-viewer/build/CMakeFiles/CMakeTmp'
/usr/bin/cmake -E cmake_progress_report /home/jmelo/projects/fractal-viewer/build/CMakeFiles/CMakeTmp/CMakeFiles 1
Building CXX object CMakeFiles/cmTryCompileExec3415056026.dir/src.cxx.o
/usr/bin/c++    -D_OFFT_IS_64BIT   -o CMakeFiles/cmTryCompileExec3415056026.dir/src.cxx.o -c /home/jmelo/projects/fractal-viewer/build/CMakeFiles/CMakeTmp/src.cxx
Linking CXX executable cmTryCompileExec3415056026
/usr/bin/cmake -E cmake_link_script CMakeFiles/cmTryCompileExec3415056026.dir/link.txt --verbose=1
/usr/bin/c++    -D_OFFT_IS_64BIT    CMakeFiles/cmTryCompileExec3415056026.dir/src.cxx.o  -o cmTryCompileExec3415056026 -rdynamic 
make[1]: Leaving directory `/home/jmelo/projects/fractal-viewer/build/CMakeFiles/CMakeTmp'

Source file was:

#include <sys/types.h>
 /* Check that off_t can represent 2**63 - 1 correctly.
    We can't simply define LARGE_OFF_T to be 9223372036854775807,
    since some C++ compilers masquerading as C compilers
    incorrectly reject 9223372036854775807.  */
#define LARGE_OFF_T (((off_t) 1 << 62) - 1 + ((off_t) 1 << 62))

  int off_t_is_large[(LARGE_OFF_T % 2147483629 == 721 && LARGE_OFF_T % 2147483647 == 1) ? 1 : -1];
  int main() { return 0; }

Performing C++ SOURCE FILE Test HAVE_FPIE_SUPPORT succeded with the following output:
Change Dir: /home/jmelo/projects/fractal-viewer/build/CMakeFiles/CMakeTmp

Run Build Command:/usr/bin/make "cmTryCompileExec540691911/fast"
/usr/bin/make -f CMakeFiles/cmTryCompileExec540691911.dir/build.make CMakeFiles/cmTryCompileExec540691911.dir/build
make[1]: Entering directory `/home/jmelo/projects/fractal-viewer/build/CMakeFiles/CMakeTmp'
/usr/bin/cmake -E cmake_progress_report /home/jmelo/projects/fractal-viewer/build/CMakeFiles/CMakeTmp/CMakeFiles 1
Building CXX object CMakeFiles/cmTryCompileExec540691911.dir/src.cxx.o
/usr/bin/c++    -Wnon-virtual-dtor -Wno-long-long -Wundef -Wcast-align -Wchar-subscripts -Wall -W -Wpointer-arith -Wformat-security -fno-exceptions -DQT_NO_EXCEPTIONS -fno-check-new -fno-common -DHAVE_FPIE_SUPPORT   -fPIE -o CMakeFiles/cmTryCompileExec540691911.dir/src.cxx.o -c /home/jmelo/projects/fractal-viewer/build/CMakeFiles/CMakeTmp/src.cxx
Linking CXX executable cmTryCompileExec540691911
/usr/bin/cmake -E cmake_link_script CMakeFiles/cmTryCompileExec540691911.dir/link.txt --verbose=1
/usr/bin/c++    -Wnon-virtual-dtor -Wno-long-long -Wundef -Wcast-align -Wchar-subscripts -Wall -W -Wpointer-arith -Wformat-security -fno-exceptions -DQT_NO_EXCEPTIONS -fno-check-new -fno-common -DHAVE_FPIE_SUPPORT    CMakeFiles/cmTryCompileExec540691911.dir/src.cxx.o  -o cmTryCompileExec540691911 -rdynamic 
make[1]: Leaving directory `/home/jmelo/projects/fractal-viewer/build/CMakeFiles/CMakeTmp'

Source file was:
int main() { return 0;}
Performing C++ SOURCE FILE Test __KDE_HAVE_W_OVERLOADED_VIRTUAL succeded with the following output:
Change Dir: /home/jmelo/projects/fractal-viewer/build/CMakeFiles/CMakeTmp

Run Build Command:/usr/bin/make "cmTryCompileExec3580287300/fast"
/usr/bin/make -f CMakeFiles/cmTryCompileExec3580287300.dir/build.make CMakeFiles/cmTryCompileExec3580287300.dir/build
make[1]: Entering directory `/home/jmelo/projects/fractal-viewer/build/CMakeFiles/CMakeTmp'
/usr/bin/cmake -E cmake_progress_report /home/jmelo/projects/fractal-viewer/build/CMakeFiles/CMakeTmp/CMakeFiles 1
Building CXX object CMakeFiles/cmTryCompileExec3580287300.dir/src.cxx.o
/usr/bin/c++    -Wnon-virtual-dtor -Wno-long-long -Wundef -Wcast-align -Wchar-subscripts -Wall -W -Wpointer-arith -Wformat-security -fno-exceptions -DQT_NO_EXCEPTIONS -fno-check-new -fno-common -D__KDE_HAVE_W_OVERLOADED_VIRTUAL   -Woverloaded-virtual -o CMakeFiles/cmTryCompileExec3580287300.dir/src.cxx.o -c /home/jmelo/projects/fractal-viewer/build/CMakeFiles/CMakeTmp/src.cxx
Linking CXX executable cmTryCompileExec3580287300
/usr/bin/cmake -E cmake_link_script CMakeFiles/cmTryCompileExec3580287300.dir/link.txt --verbose=1
/usr/bin/c++    -Wnon-virtual-dtor -Wno-long-long -Wundef -Wcast-align -Wchar-subscripts -Wall -W -Wpointer-arith -Wformat-security -fno-exceptions -DQT_NO_EXCEPTIONS -fno-check-new -fno-common -D__KDE_HAVE_W_OVERLOADED_VIRTUAL    CMakeFiles/cmTryCompileExec3580287300.dir/src.cxx.o  -o cmTryCompileExec3580287300 -rdynamic 
make[1]: Leaving directory `/home/jmelo/projects/fractal-viewer/build/CMakeFiles/CMakeTmp'

Source file was:
int main() { return 0;}
Performing C++ SOURCE FILE Test __KDE_HAVE_GCC_VISIBILITY succeded with the following output:
Change Dir: /home/jmelo/projects/fractal-viewer/build/CMakeFiles/CMakeTmp

Run Build Command:/usr/bin/make "cmTryCompileExec1276367082/fast"
/usr/bin/make -f CMakeFiles/cmTryCompileExec1276367082.dir/build.make CMakeFiles/cmTryCompileExec1276367082.dir/build
make[1]: Entering directory `/home/jmelo/projects/fractal-viewer/build/CMakeFiles/CMakeTmp'
/usr/bin/cmake -E cmake_progress_report /home/jmelo/projects/fractal-viewer/build/CMakeFiles/CMakeTmp/CMakeFiles 1
Building CXX object CMakeFiles/cmTryCompileExec1276367082.dir/src.cxx.o
/usr/bin/c++    -Wnon-virtual-dtor -Wno-long-long -Wundef -Wcast-align -Wchar-subscripts -Wall -W -Wpointer-arith -Wformat-security -fno-exceptions -DQT_NO_EXCEPTIONS -fno-check-new -fno-common -Woverloaded-virtual -D__KDE_HAVE_GCC_VISIBILITY   -fvisibility=hidden -o CMakeFiles/cmTryCompileExec1276367082.dir/src.cxx.o -c /home/jmelo/projects/fractal-viewer/build/CMakeFiles/CMakeTmp/src.cxx
Linking CXX executable cmTryCompileExec1276367082
/usr/bin/cmake -E cmake_link_script CMakeFiles/cmTryCompileExec1276367082.dir/link.txt --verbose=1
/usr/bin/c++    -Wnon-virtual-dtor -Wno-long-long -Wundef -Wcast-align -Wchar-subscripts -Wall -W -Wpointer-arith -Wformat-security -fno-exceptions -DQT_NO_EXCEPTIONS -fno-check-new -fno-common -Woverloaded-virtual -D__KDE_HAVE_GCC_VISIBILITY    CMakeFiles/cmTryCompileExec1276367082.dir/src.cxx.o  -o cmTryCompileExec1276367082 -rdynamic 
make[1]: Leaving directory `/home/jmelo/projects/fractal-viewer/build/CMakeFiles/CMakeTmp'

Source file was:
int main() { return 0;}
Determining if the _POSIX_TIMERS exist passed with the following output:
Change Dir: /home/jmelo/projects/fractal-viewer/build/CMakeFiles/CMakeTmp

Run Build Command:/usr/bin/make "cmTryCompileExec206666836/fast"
/usr/bin/make -f CMakeFiles/cmTryCompileExec206666836.dir/build.make CMakeFiles/cmTryCompileExec206666836.dir/build
make[1]: Entering directory `/home/jmelo/projects/fractal-viewer/build/CMakeFiles/CMakeTmp'
/usr/bin/cmake -E cmake_progress_report /home/jmelo/projects/fractal-viewer/build/CMakeFiles/CMakeTmp/CMakeFiles 1
Building C object CMakeFiles/cmTryCompileExec206666836.dir/CheckSymbolExists.c.o
/usr/bin/cc    -o CMakeFiles/cmTryCompileExec206666836.dir/CheckSymbolExists.c.o   -c /home/jmelo/projects/fractal-viewer/build/CMakeFiles/CMakeTmp/CheckSymbolExists.c
Linking C executable cmTryCompileExec206666836
/usr/bin/cmake -E cmake_link_script CMakeFiles/cmTryCompileExec206666836.dir/link.txt --verbose=1
/usr/bin/cc       CMakeFiles/cmTryCompileExec206666836.dir/CheckSymbolExists.c.o  -o cmTryCompileExec206666836 -rdynamic -lrt 
make[1]: Leaving directory `/home/jmelo/projects/fractal-viewer/build/CMakeFiles/CMakeTmp'

File /home/jmelo/projects/fractal-viewer/build/CMakeFiles/CMakeTmp/CheckSymbolExists.c:
/* */
#include <unistd.h>
#include <time.h>

int main(int argc, char** argv)
{
  (void)argv;
#ifndef _POSIX_TIMERS
  return ((int*)(&_POSIX_TIMERS))[argc];
#else
  (void)argc;
  return 0;
#endif
}

Determining if files pthread.h exist passed with the following output:
Change Dir: /home/jmelo/projects/fractal-viewer/build/CMakeFiles/CMakeTmp

Run Build Command:/usr/bin/make "cmTryCompileExec2588607123/fast"
/usr/bin/make -f CMakeFiles/cmTryCompileExec2588607123.dir/build.make CMakeFiles/cmTryCompileExec2588607123.dir/build
make[1]: Entering directory `/home/jmelo/projects/fractal-viewer/build/CMakeFiles/CMakeTmp'
/usr/bin/cmake -E cmake_progress_report /home/jmelo/projects/fractal-viewer/build/CMakeFiles/CMakeTmp/CMakeFiles 1
Building C object CMakeFiles/cmTryCompileExec2588607123.dir/CheckIncludeFiles.c.o
/usr/bin/cc    -o CMakeFiles/cmTryCompileExec2588607123.dir/CheckIncludeFiles.c.o   -c /home/jmelo/projects/fractal-viewer/build/CMakeFiles/CMakeTmp/CheckIncludeFiles.c
Linking C executable cmTryCompileExec2588607123
/usr/bin/cmake -E cmake_link_script CMakeFiles/cmTryCompileExec2588607123.dir/link.txt --verbose=1
/usr/bin/cc       CMakeFiles/cmTryCompileExec2588607123.dir/CheckIncludeFiles.c.o  -o cmTryCompileExec2588607123 -rdynamic 
make[1]: Leaving directory `/home/jmelo/projects/fractal-viewer/build/CMakeFiles/CMakeTmp'


Determining if the function pthread_create exists in the pthread passed with the following output:
Change Dir: /home/jmelo/projects/fractal-viewer/build/CMakeFiles/CMakeTmp

Run Build Command:/usr/bin/make "cmTryCompileExec3554445610/fast"
/usr/bin/make -f CMakeFiles/cmTryCompileExec3554445610.dir/build.make CMakeFiles/cmTryCompileExec3554445610.dir/build
make[1]: Entering directory `/home/jmelo/projects/fractal-viewer/build/CMakeFiles/CMakeTmp'
/usr/bin/cmake -E cmake_progress_report /home/jmelo/projects/fractal-viewer/build/CMakeFiles/CMakeTmp/CMakeFiles 1
Building C object CMakeFiles/cmTryCompileExec3554445610.dir/CheckFunctionExists.c.o
/usr/bin/cc   -DCHECK_FUNCTION_EXISTS=pthread_create   -o CMakeFiles/cmTryCompileExec3554445610.dir/CheckFunctionExists.c.o   -c /usr/share/cmake-2.8/Modules/CheckFunctionExists.c
Linking C executable cmTryCompileExec3554445610
/usr/bin/cmake -E cmake_link_script CMakeFiles/cmTryCompileExec3554445610.dir/link.txt --verbose=1
/usr/bin/cc   -DCHECK_FUNCTION_EXISTS=pthread_create    CMakeFiles/cmTryCompileExec3554445610.dir/CheckFunctionExists.c.o  -o cmTryCompileExec3554445610 -rdynamic -lpthread 
make[1]: Leaving directory `/home/jmelo/projects/fractal-viewer/build/CMakeFiles/CMakeTmp'


Performing C++ SOURCE FILE Test _OFFT_IS_64BIT succeded with the following output:
Change Dir: /home/jmelo/projects/fractal-viewer/build/CMakeFiles/CMakeTmp

Run Build Command:/usr/bin/make "cmTryCompileExec1784633708/fast"
/usr/bin/make -f CMakeFiles/cmTryCompileExec1784633708.dir/build.make CMakeFiles/cmTryCompileExec1784633708.dir/build
make[1]: Entering directory `/home/jmelo/projects/fractal-viewer/build/CMakeFiles/CMakeTmp'
/usr/bin/cmake -E cmake_progress_report /home/jmelo/projects/fractal-viewer/build/CMakeFiles/CMakeTmp/CMakeFiles 1
Building CXX object CMakeFiles/cmTryCompileExec1784633708.dir/src.cxx.o
/usr/bin/c++    -D_OFFT_IS_64BIT   -o CMakeFiles/cmTryCompileExec1784633708.dir/src.cxx.o -c /home/jmelo/projects/fractal-viewer/build/CMakeFiles/CMakeTmp/src.cxx
Linking CXX executable cmTryCompileExec1784633708
/usr/bin/cmake -E cmake_link_script CMakeFiles/cmTryCompileExec1784633708.dir/link.txt --verbose=1
/usr/bin/c++    -D_OFFT_IS_64BIT    CMakeFiles/cmTryCompileExec1784633708.dir/src.cxx.o  -o cmTryCompileExec1784633708 -rdynamic 
make[1]: Leaving directory `/home/jmelo/projects/fractal-viewer/build/CMakeFiles/CMakeTmp'

Source file was:

#include <sys/types.h>
 /* Check that off_t can represent 2**63 - 1 correctly.
    We can't simply define LARGE_OFF_T to be 9223372036854775807,
    since some C++ compilers masquerading as C compilers
    incorrectly reject 9223372036854775807.  */
#define LARGE_OFF_T (((off_t) 1 << 62) - 1 + ((off_t) 1 << 62))

  int off_t_is_large[(LARGE_OFF_T % 2147483629 == 721 && LARGE_OFF_T % 2147483647 == 1) ? 1 : -1];
  int main() { return 0; }

Performing C++ SOURCE FILE Test HAVE_FPIE_SUPPORT succeded with the following output:
Change Dir: /home/jmelo/projects/fractal-viewer/build/CMakeFiles/CMakeTmp

Run Build Command:/usr/bin/make "cmTryCompileExec380424997/fast"
/usr/bin/make -f CMakeFiles/cmTryCompileExec380424997.dir/build.make CMakeFiles/cmTryCompileExec380424997.dir/build
make[1]: Entering directory `/home/jmelo/projects/fractal-viewer/build/CMakeFiles/CMakeTmp'
/usr/bin/cmake -E cmake_progress_report /home/jmelo/projects/fractal-viewer/build/CMakeFiles/CMakeTmp/CMakeFiles 1
Building CXX object CMakeFiles/cmTryCompileExec380424997.dir/src.cxx.o
/usr/bin/c++    -Wnon-virtual-dtor -Wno-long-long -Wundef -Wcast-align -Wchar-subscripts -Wall -W -Wpointer-arith -Wformat-security -fno-exceptions -DQT_NO_EXCEPTIONS -fno-check-new -fno-common -DHAVE_FPIE_SUPPORT   -fPIE -o CMakeFiles/cmTryCompileExec380424997.dir/src.cxx.o -c /home/jmelo/projects/fractal-viewer/build/CMakeFiles/CMakeTmp/src.cxx
Linking CXX executable cmTryCompileExec380424997
/usr/bin/cmake -E cmake_link_script CMakeFiles/cmTryCompileExec380424997.dir/link.txt --verbose=1
/usr/bin/c++    -Wnon-virtual-dtor -Wno-long-long -Wundef -Wcast-align -Wchar-subscripts -Wall -W -Wpointer-arith -Wformat-security -fno-exceptions -DQT_NO_EXCEPTIONS -fno-check-new -fno-common -DHAVE_FPIE_SUPPORT    CMakeFiles/cmTryCompileExec380424997.dir/src.cxx.o  -o cmTryCompileExec380424997 -rdynamic 
make[1]: Leaving directory `/home/jmelo/projects/fractal-viewer/build/CMakeFiles/CMakeTmp'

Source file was:
int main() { return 0;}
Performing C++ SOURCE FILE Test __KDE_HAVE_W_OVERLOADED_VIRTUAL succeded with the following output:
Change Dir: /home/jmelo/projects/fractal-viewer/build/CMakeFiles/CMakeTmp

Run Build Command:/usr/bin/make "cmTryCompileExec1504798110/fast"
/usr/bin/make -f CMakeFiles/cmTryCompileExec1504798110.dir/build.make CMakeFiles/cmTryCompileExec1504798110.dir/build
make[1]: Entering directory `/home/jmelo/projects/fractal-viewer/build/CMakeFiles/CMakeTmp'
/usr/bin/cmake -E cmake_progress_report /home/jmelo/projects/fractal-viewer/build/CMakeFiles/CMakeTmp/CMakeFiles 1
Building CXX object CMakeFiles/cmTryCompileExec1504798110.dir/src.cxx.o
/usr/bin/c++    -Wnon-virtual-dtor -Wno-long-long -Wundef -Wcast-align -Wchar-subscripts -Wall -W -Wpointer-arith -Wformat-security -fno-exceptions -DQT_NO_EXCEPTIONS -fno-check-new -fno-common -D__KDE_HAVE_W_OVERLOADED_VIRTUAL   -Woverloaded-virtual -o CMakeFiles/cmTryCompileExec1504798110.dir/src.cxx.o -c /home/jmelo/projects/fractal-viewer/build/CMakeFiles/CMakeTmp/src.cxx
Linking CXX executable cmTryCompileExec1504798110
/usr/bin/cmake -E cmake_link_script CMakeFiles/cmTryCompileExec1504798110.dir/link.txt --verbose=1
/usr/bin/c++    -Wnon-virtual-dtor -Wno-long-long -Wundef -Wcast-align -Wchar-subscripts -Wall -W -Wpointer-arith -Wformat-security -fno-exceptions -DQT_NO_EXCEPTIONS -fno-check-new -fno-common -D__KDE_HAVE_W_OVERLOADED_VIRTUAL    CMakeFiles/cmTryCompileExec1504798110.dir/src.cxx.o  -o cmTryCompileExec1504798110 -rdynamic 
make[1]: Leaving directory `/home/jmelo/projects/fractal-viewer/build/CMakeFiles/CMakeTmp'

Source file was:
int main() { return 0;}
Performing C++ SOURCE FILE Test __KDE_HAVE_GCC_VISIBILITY succeded with the following output:
Change Dir: /home/jmelo/projects/fractal-viewer/build/CMakeFiles/CMakeTmp

Run Build Command:/usr/bin/make "cmTryCompileExec3471657146/fast"
/usr/bin/make -f CMakeFiles/cmTryCompileExec3471657146.dir/build.make CMakeFiles/cmTryCompileExec3471657146.dir/build
make[1]: Entering directory `/home/jmelo/projects/fractal-viewer/build/CMakeFiles/CMakeTmp'
/usr/bin/cmake -E cmake_progress_report /home/jmelo/projects/fractal-viewer/build/CMakeFiles/CMakeTmp/CMakeFiles 1
Building CXX object CMakeFiles/cmTryCompileExec3471657146.dir/src.cxx.o
/usr/bin/c++    -Wnon-virtual-dtor -Wno-long-long -Wundef -Wcast-align -Wchar-subscripts -Wall -W -Wpointer-arith -Wformat-security -fno-exceptions -DQT_NO_EXCEPTIONS -fno-check-new -fno-common -Woverloaded-virtual -D__KDE_HAVE_GCC_VISIBILITY   -fvisibility=hidden -o CMakeFiles/cmTryCompileExec3471657146.dir/src.cxx.o -c /home/jmelo/projects/fractal-viewer/build/CMakeFiles/CMakeTmp/src.cxx
Linking CXX executable cmTryCompileExec3471657146
/usr/bin/cmake -E cmake_link_script CMakeFiles/cmTryCompileExec3471657146.dir/link.txt --verbose=1
/usr/bin/c++    -Wnon-virtual-dtor -Wno-long-long -Wundef -Wcast-align -Wchar-subscripts -Wall -W -Wpointer-arith -Wformat-security -fno-exceptions -DQT_NO_EXCEPTIONS -fno-check-new -fno-common -Woverloaded-virtual -D__KDE_HAVE_GCC_VISIBILITY    CMakeFiles/cmTryCompileExec3471657146.dir/src.cxx.o  -o cmTryCompileExec3471657146 -rdynamic 
make[1]: Leaving directory `/home/jmelo/projects/fractal-viewer/build/CMakeFiles/CMakeTmp'

Source file was:
int main() { return 0;}
Determining if the _POSIX_TIMERS exist passed with the following output:
Change Dir: /home/jmelo/projects/fractal-viewer/build/CMakeFiles/CMakeTmp

Run Build Command:/usr/bin/make "cmTryCompileExec1732204390/fast"
make[1]: Entering directory `/home/jmelo/projects/fractal-viewer/build/CMakeFiles/CMakeTmp'
/usr/bin/make -f CMakeFiles/cmTryCompileExec1732204390.dir/build.make CMakeFiles/cmTryCompileExec1732204390.dir/build
make[2]: Entering directory `/home/jmelo/projects/fractal-viewer/build/CMakeFiles/CMakeTmp'
/usr/bin/cmake -E cmake_progress_report /home/jmelo/projects/fractal-viewer/build/CMakeFiles/CMakeTmp/CMakeFiles 1
Building C object CMakeFiles/cmTryCompileExec1732204390.dir/CheckSymbolExists.c.o
/usr/bin/cc    -o CMakeFiles/cmTryCompileExec1732204390.dir/CheckSymbolExists.c.o   -c /home/jmelo/projects/fractal-viewer/build/CMakeFiles/CMakeTmp/CheckSymbolExists.c
Linking C executable cmTryCompileExec1732204390
/usr/bin/cmake -E cmake_link_script CMakeFiles/cmTryCompileExec1732204390.dir/link.txt --verbose=1
/usr/bin/cc       CMakeFiles/cmTryCompileExec1732204390.dir/CheckSymbolExists.c.o  -o cmTryCompileExec1732204390 -rdynamic -lrt 
make[2]: Leaving directory `/home/jmelo/projects/fractal-viewer/build/CMakeFiles/CMakeTmp'
make[1]: Leaving directory `/home/jmelo/projects/fractal-viewer/build/CMakeFiles/CMakeTmp'

File /home/jmelo/projects/fractal-viewer/build/CMakeFiles/CMakeTmp/CheckSymbolExists.c:
/* */
#include <unistd.h>
#include <time.h>

int main(int argc, char** argv)
{
  (void)argv;
#ifndef _POSIX_TIMERS
  return ((int*)(&_POSIX_TIMERS))[argc];
#else
  (void)argc;
  return 0;
#endif
}

Determining if the Q_WS_X11 exist passed with the following output:
Change Dir: /home/jmelo/projects/fractal-viewer/build/CMakeFiles/CMakeTmp

Run Build Command:/usr/bin/make "cmTryCompileExec3245963473/fast"
/usr/bin/make -f CMakeFiles/cmTryCompileExec3245963473.dir/build.make CMakeFiles/cmTryCompileExec3245963473.dir/build
make[1]: Entering directory `/home/jmelo/projects/fractal-viewer/build/CMakeFiles/CMakeTmp'
/usr/bin/cmake -E cmake_progress_report /home/jmelo/projects/fractal-viewer/build/CMakeFiles/CMakeTmp/CMakeFiles 1
Building C object CMakeFiles/cmTryCompileExec3245963473.dir/CheckSymbolExists.c.o
/usr/bin/cc   -I/usr/include/qt4    -o CMakeFiles/cmTryCompileExec3245963473.dir/CheckSymbolExists.c.o   -c /home/jmelo/projects/fractal-viewer/build/CMakeFiles/CMakeTmp/CheckSymbolExists.c
Linking C executable cmTryCompileExec3245963473
/usr/bin/cmake -E cmake_link_script CMakeFiles/cmTryCompileExec3245963473.dir/link.txt --verbose=1
/usr/bin/cc       CMakeFiles/cmTryCompileExec3245963473.dir/CheckSymbolExists.c.o  -o cmTryCompileExec3245963473 -rdynamic 
make[1]: Leaving directory `/home/jmelo/projects/fractal-viewer/build/CMakeFiles/CMakeTmp'

File /home/jmelo/projects/fractal-viewer/build/CMakeFiles/CMakeTmp/CheckSymbolExists.c:
/* */
#include <QtCore/qglobal.h>

int main(int argc, char** argv)
{
  (void)argv;
#ifndef Q_WS_X11
  return ((int*)(&Q_WS_X11))[argc];
#else
  (void)argc;
  return 0;
#endif
}

Determining if the function XOpenDisplay exists in the /usr/lib/x86_64-linux-gnu/libX11.so;/usr/lib/x86_64-linux-gnu/libXext.so;/usr/lib/x86_64-linux-gnu/libXft.so;/usr/lib/x86_64-linux-gnu/libXau.so;/usr/lib/x86_64-linux-gnu/libXdmcp.so;/usr/lib/x86_64-linux-gnu/libXpm.so passed with the following output:
Change Dir: /home/jmelo/projects/fractal-viewer/build/CMakeFiles/CMakeTmp

Run Build Command:/usr/bin/make "cmTryCompileExec2937022764/fast"
/usr/bin/make -f CMakeFiles/cmTryCompileExec2937022764.dir/build.make CMakeFiles/cmTryCompileExec2937022764.dir/build
make[1]: Entering directory `/home/jmelo/projects/fractal-viewer/build/CMakeFiles/CMakeTmp'
/usr/bin/cmake -E cmake_progress_report /home/jmelo/projects/fractal-viewer/build/CMakeFiles/CMakeTmp/CMakeFiles 1
Building C object CMakeFiles/cmTryCompileExec2937022764.dir/CheckFunctionExists.c.o
/usr/bin/cc   -DCHECK_FUNCTION_EXISTS=XOpenDisplay   -o CMakeFiles/cmTryCompileExec2937022764.dir/CheckFunctionExists.c.o   -c /usr/share/cmake-2.8/Modules/CheckFunctionExists.c
Linking C executable cmTryCompileExec2937022764
/usr/bin/cmake -E cmake_link_script CMakeFiles/cmTryCompileExec2937022764.dir/link.txt --verbose=1
/usr/bin/cc   -DCHECK_FUNCTION_EXISTS=XOpenDisplay    CMakeFiles/cmTryCompileExec2937022764.dir/CheckFunctionExists.c.o  -o cmTryCompileExec2937022764 -rdynamic -lX11 -lXext -lXft -lXau -lXdmcp -lXpm 
make[1]: Leaving directory `/home/jmelo/projects/fractal-viewer/build/CMakeFiles/CMakeTmp'


Determining if the function gethostbyname exists passed with the following output:
Change Dir: /home/jmelo/projects/fractal-viewer/build/CMakeFiles/CMakeTmp

Run Build Command:/usr/bin/make "cmTryCompileExec750882853/fast"
/usr/bin/make -f CMakeFiles/cmTryCompileExec750882853.dir/build.make CMakeFiles/cmTryCompileExec750882853.dir/build
make[1]: Entering directory `/home/jmelo/projects/fractal-viewer/build/CMakeFiles/CMakeTmp'
/usr/bin/cmake -E cmake_progress_report /home/jmelo/projects/fractal-viewer/build/CMakeFiles/CMakeTmp/CMakeFiles 1
Building C object CMakeFiles/cmTryCompileExec750882853.dir/CheckFunctionExists.c.o
/usr/bin/cc   -DCHECK_FUNCTION_EXISTS=gethostbyname   -o CMakeFiles/cmTryCompileExec750882853.dir/CheckFunctionExists.c.o   -c /usr/share/cmake-2.8/Modules/CheckFunctionExists.c
Linking C executable cmTryCompileExec750882853
/usr/bin/cmake -E cmake_link_script CMakeFiles/cmTryCompileExec750882853.dir/link.txt --verbose=1
/usr/bin/cc   -DCHECK_FUNCTION_EXISTS=gethostbyname    CMakeFiles/cmTryCompileExec750882853.dir/CheckFunctionExists.c.o  -o cmTryCompileExec750882853 -rdynamic 
make[1]: Leaving directory `/home/jmelo/projects/fractal-viewer/build/CMakeFiles/CMakeTmp'


Determining if the function connect exists passed with the following output:
Change Dir: /home/jmelo/projects/fractal-viewer/build/CMakeFiles/CMakeTmp

Run Build Command:/usr/bin/make "cmTryCompileExec3061770943/fast"
/usr/bin/make -f CMakeFiles/cmTryCompileExec3061770943.dir/build.make CMakeFiles/cmTryCompileExec3061770943.dir/build
make[1]: Entering directory `/home/jmelo/projects/fractal-viewer/build/CMakeFiles/CMakeTmp'
/usr/bin/cmake -E cmake_progress_report /home/jmelo/projects/fractal-viewer/build/CMakeFiles/CMakeTmp/CMakeFiles 1
Building C object CMakeFiles/cmTryCompileExec3061770943.dir/CheckFunctionExists.c.o
/usr/bin/cc   -DCHECK_FUNCTION_EXISTS=connect   -o CMakeFiles/cmTryCompileExec3061770943.dir/CheckFunctionExists.c.o   -c /usr/share/cmake-2.8/Modules/CheckFunctionExists.c
Linking C executable cmTryCompileExec3061770943
/usr/bin/cmake -E cmake_link_script CMakeFiles/cmTryCompileExec3061770943.dir/link.txt --verbose=1
/usr/bin/cc   -DCHECK_FUNCTION_EXISTS=connect    CMakeFiles/cmTryCompileExec3061770943.dir/CheckFunctionExists.c.o  -o cmTryCompileExec3061770943 -rdynamic 
make[1]: Leaving directory `/home/jmelo/projects/fractal-viewer/build/CMakeFiles/CMakeTmp'


Determining if the function remove exists passed with the following output:
Change Dir: /home/jmelo/projects/fractal-viewer/build/CMakeFiles/CMakeTmp

Run Build Command:/usr/bin/make "cmTryCompileExec558414653/fast"
/usr/bin/make -f CMakeFiles/cmTryCompileExec558414653.dir/build.make CMakeFiles/cmTryCompileExec558414653.dir/build
make[1]: Entering directory `/home/jmelo/projects/fractal-viewer/build/CMakeFiles/CMakeTmp'
/usr/bin/cmake -E cmake_progress_report /home/jmelo/projects/fractal-viewer/build/CMakeFiles/CMakeTmp/CMakeFiles 1
Building C object CMakeFiles/cmTryCompileExec558414653.dir/CheckFunctionExists.c.o
/usr/bin/cc   -DCHECK_FUNCTION_EXISTS=remove   -o CMakeFiles/cmTryCompileExec558414653.dir/CheckFunctionExists.c.o   -c /usr/share/cmake-2.8/Modules/CheckFunctionExists.c
Linking C executable cmTryCompileExec558414653
/usr/bin/cmake -E cmake_link_script CMakeFiles/cmTryCompileExec558414653.dir/link.txt --verbose=1
/usr/bin/cc   -DCHECK_FUNCTION_EXISTS=remove    CMakeFiles/cmTryCompileExec558414653.dir/CheckFunctionExists.c.o  -o cmTryCompileExec558414653 -rdynamic 
make[1]: Leaving directory `/home/jmelo/projects/fractal-viewer/build/CMakeFiles/CMakeTmp'


Determining if the function shmat exists passed with the following output:
Change Dir: /home/jmelo/projects/fractal-viewer/build/CMakeFiles/CMakeTmp

Run Build Command:/usr/bin/make "cmTryCompileExec1555751257/fast"
/usr/bin/make -f CMakeFiles/cmTryCompileExec1555751257.dir/build.make CMakeFiles/cmTryCompileExec1555751257.dir/build
make[1]: Entering directory `/home/jmelo/projects/fractal-viewer/build/CMakeFiles/CMakeTmp'
/usr/bin/cmake -E cmake_progress_report /home/jmelo/projects/fractal-viewer/build/CMakeFiles/CMakeTmp/CMakeFiles 1
Building C object CMakeFiles/cmTryCompileExec1555751257.dir/CheckFunctionExists.c.o
/usr/bin/cc   -DCHECK_FUNCTION_EXISTS=shmat   -o CMakeFiles/cmTryCompileExec1555751257.dir/CheckFunctionExists.c.o   -c /usr/share/cmake-2.8/Modules/CheckFunctionExists.c
Linking C executable cmTryCompileExec1555751257
/usr/bin/cmake -E cmake_link_script CMakeFiles/cmTryCompileExec1555751257.dir/link.txt --verbose=1
/usr/bin/cc   -DCHECK_FUNCTION_EXISTS=shmat    CMakeFiles/cmTryCompileExec1555751257.dir/CheckFunctionExists.c.o  -o cmTryCompileExec1555751257 -rdynamic 
make[1]: Leaving directory `/home/jmelo/projects/fractal-viewer/build/CMakeFiles/CMakeTmp'


Determining if the function IceConnectionNumber exists in the ICE passed with the following output:
Change Dir: /home/jmelo/projects/fractal-viewer/build/CMakeFiles/CMakeTmp

Run Build Command:/usr/bin/make "cmTryCompileExec1054395923/fast"
/usr/bin/make -f CMakeFiles/cmTryCompileExec1054395923.dir/build.make CMakeFiles/cmTryCompileExec1054395923.dir/build
make[1]: Entering directory `/home/jmelo/projects/fractal-viewer/build/CMakeFiles/CMakeTmp'
/usr/bin/cmake -E cmake_progress_report /home/jmelo/projects/fractal-viewer/build/CMakeFiles/CMakeTmp/CMakeFiles 1
Building C object CMakeFiles/cmTryCompileExec1054395923.dir/CheckFunctionExists.c.o
/usr/bin/cc   -DCHECK_FUNCTION_EXISTS=IceConnectionNumber   -o CMakeFiles/cmTryCompileExec1054395923.dir/CheckFunctionExists.c.o   -c /usr/share/cmake-2.8/Modules/CheckFunctionExists.c
Linking C executable cmTryCompileExec1054395923
/usr/bin/cmake -E cmake_link_script CMakeFiles/cmTryCompileExec1054395923.dir/link.txt --verbose=1
/usr/bin/cc   -DCHECK_FUNCTION_EXISTS=IceConnectionNumber    CMakeFiles/cmTryCompileExec1054395923.dir/CheckFunctionExists.c.o  -o cmTryCompileExec1054395923 -rdynamic -lICE 
make[1]: Leaving directory `/home/jmelo/projects/fractal-viewer/build/CMakeFiles/CMakeTmp'


Determining if files pthread.h exist passed with the following output:
Change Dir: /home/jmelo/projects/fractal-viewer/build/CMakeFiles/CMakeTmp

Run Build Command:/usr/bin/make "cmTryCompileExec1373056651/fast"
/usr/bin/make -f CMakeFiles/cmTryCompileExec1373056651.dir/build.make CMakeFiles/cmTryCompileExec1373056651.dir/build
make[1]: Entering directory `/home/jmelo/projects/fractal-viewer/build/CMakeFiles/CMakeTmp'
/usr/bin/cmake -E cmake_progress_report /home/jmelo/projects/fractal-viewer/build/CMakeFiles/CMakeTmp/CMakeFiles 1
Building C object CMakeFiles/cmTryCompileExec1373056651.dir/CheckIncludeFiles.c.o
/usr/bin/cc    -o CMakeFiles/cmTryCompileExec1373056651.dir/CheckIncludeFiles.c.o   -c /home/jmelo/projects/fractal-viewer/build/CMakeFiles/CMakeTmp/CheckIncludeFiles.c
Linking C executable cmTryCompileExec1373056651
/usr/bin/cmake -E cmake_link_script CMakeFiles/cmTryCompileExec1373056651.dir/link.txt --verbose=1
/usr/bin/cc       CMakeFiles/cmTryCompileExec1373056651.dir/CheckIncludeFiles.c.o  -o cmTryCompileExec1373056651 -rdynamic 
make[1]: Leaving directory `/home/jmelo/projects/fractal-viewer/build/CMakeFiles/CMakeTmp'


Determining if the function pthread_create exists in the pthread passed with the following output:
Change Dir: /home/jmelo/projects/fractal-viewer/build/CMakeFiles/CMakeTmp

Run Build Command:/usr/bin/make "cmTryCompileExec814146580/fast"
/usr/bin/make -f CMakeFiles/cmTryCompileExec814146580.dir/build.make CMakeFiles/cmTryCompileExec814146580.dir/build
make[1]: Entering directory `/home/jmelo/projects/fractal-viewer/build/CMakeFiles/CMakeTmp'
/usr/bin/cmake -E cmake_progress_report /home/jmelo/projects/fractal-viewer/build/CMakeFiles/CMakeTmp/CMakeFiles 1
Building C object CMakeFiles/cmTryCompileExec814146580.dir/CheckFunctionExists.c.o
/usr/bin/cc   -DCHECK_FUNCTION_EXISTS=pthread_create   -o CMakeFiles/cmTryCompileExec814146580.dir/CheckFunctionExists.c.o   -c /usr/share/cmake-2.8/Modules/CheckFunctionExists.c
Linking C executable cmTryCompileExec814146580
/usr/bin/cmake -E cmake_link_script CMakeFiles/cmTryCompileExec814146580.dir/link.txt --verbose=1
/usr/bin/cc   -DCHECK_FUNCTION_EXISTS=pthread_create    CMakeFiles/cmTryCompileExec814146580.dir/CheckFunctionExists.c.o  -o cmTryCompileExec814146580 -rdynamic -lpthread 
make[1]: Leaving directory `/home/jmelo/projects/fractal-viewer/build/CMakeFiles/CMakeTmp'


Determining if the _POSIX_TIMERS exist passed with the following output:
Change Dir: /home/jmelo/projects/fractal-viewer/build/CMakeFiles/CMakeTmp

Run Build Command:/usr/bin/make "cmTryCompileExec2832857477/fast"
/usr/bin/make -f CMakeFiles/cmTryCompileExec2832857477.dir/build.make CMakeFiles/cmTryCompileExec2832857477.dir/build
make[1]: Entering directory `/home/jmelo/projects/fractal-viewer/build/CMakeFiles/CMakeTmp'
/usr/bin/cmake -E cmake_progress_report /home/jmelo/projects/fractal-viewer/build/CMakeFiles/CMakeTmp/CMakeFiles 1
Building C object CMakeFiles/cmTryCompileExec2832857477.dir/CheckSymbolExists.c.o
/usr/bin/cc    -o CMakeFiles/cmTryCompileExec2832857477.dir/CheckSymbolExists.c.o   -c /home/jmelo/projects/fractal-viewer/build/CMakeFiles/CMakeTmp/CheckSymbolExists.c
Linking C executable cmTryCompileExec2832857477
/usr/bin/cmake -E cmake_link_script CMakeFiles/cmTryCompileExec2832857477.dir/link.txt --verbose=1
/usr/bin/cc       CMakeFiles/cmTryCompileExec2832857477.dir/CheckSymbolExists.c.o  -o cmTryCompileExec2832857477 -rdynamic -lrt 
make[1]: Leaving directory `/home/jmelo/projects/fractal-viewer/build/CMakeFiles/CMakeTmp'

File /home/jmelo/projects/fractal-viewer/build/CMakeFiles/CMakeTmp/CheckSymbolExists.c:
/* */
#include <unistd.h>
#include <time.h>

int main(int argc, char** argv)
{
  (void)argv;
#ifndef _POSIX_TIMERS
  return ((int*)(&_POSIX_TIMERS))[argc];
#else
  (void)argc;
  return 0;
#endif
}

Performing C++ SOURCE FILE Test _OFFT_IS_64BIT succeded with the following output:
Change Dir: /home/jmelo/projects/fractal-viewer/build/CMakeFiles/CMakeTmp

Run Build Command:/usr/bin/make "cmTryCompileExec1976829611/fast"
/usr/bin/make -f CMakeFiles/cmTryCompileExec1976829611.dir/build.make CMakeFiles/cmTryCompileExec1976829611.dir/build
make[1]: Entering directory `/home/jmelo/projects/fractal-viewer/build/CMakeFiles/CMakeTmp'
/usr/bin/cmake -E cmake_progress_report /home/jmelo/projects/fractal-viewer/build/CMakeFiles/CMakeTmp/CMakeFiles 1
Building CXX object CMakeFiles/cmTryCompileExec1976829611.dir/src.cxx.o
/usr/bin/c++    -D_OFFT_IS_64BIT   -o CMakeFiles/cmTryCompileExec1976829611.dir/src.cxx.o -c /home/jmelo/projects/fractal-viewer/build/CMakeFiles/CMakeTmp/src.cxx
Linking CXX executable cmTryCompileExec1976829611
/usr/bin/cmake -E cmake_link_script CMakeFiles/cmTryCompileExec1976829611.dir/link.txt --verbose=1
/usr/bin/c++    -D_OFFT_IS_64BIT    CMakeFiles/cmTryCompileExec1976829611.dir/src.cxx.o  -o cmTryCompileExec1976829611 -rdynamic 
make[1]: Leaving directory `/home/jmelo/projects/fractal-viewer/build/CMakeFiles/CMakeTmp'

Source file was:

#include <sys/types.h>
 /* Check that off_t can represent 2**63 - 1 correctly.
    We can't simply define LARGE_OFF_T to be 9223372036854775807,
    since some C++ compilers masquerading as C compilers
    incorrectly reject 9223372036854775807.  */
#define LARGE_OFF_T (((off_t) 1 << 62) - 1 + ((off_t) 1 << 62))

  int off_t_is_large[(LARGE_OFF_T % 2147483629 == 721 && LARGE_OFF_T % 2147483647 == 1) ? 1 : -1];
  int main() { return 0; }

Performing C++ SOURCE FILE Test HAVE_FPIE_SUPPORT succeded with the following output:
Change Dir: /home/jmelo/projects/fractal-viewer/build/CMakeFiles/CMakeTmp

Run Build Command:/usr/bin/make "cmTryCompileExec990360502/fast"
/usr/bin/make -f CMakeFiles/cmTryCompileExec990360502.dir/build.make CMakeFiles/cmTryCompileExec990360502.dir/build
make[1]: Entering directory `/home/jmelo/projects/fractal-viewer/build/CMakeFiles/CMakeTmp'
/usr/bin/cmake -E cmake_progress_report /home/jmelo/projects/fractal-viewer/build/CMakeFiles/CMakeTmp/CMakeFiles 1
Building CXX object CMakeFiles/cmTryCompileExec990360502.dir/src.cxx.o
/usr/bin/c++    -Wnon-virtual-dtor -Wno-long-long -Wundef -Wcast-align -Wchar-subscripts -Wall -W -Wpointer-arith -Wformat-security -fno-exceptions -DQT_NO_EXCEPTIONS -fno-check-new -fno-common -DHAVE_FPIE_SUPPORT   -fPIE -o CMakeFiles/cmTryCompileExec990360502.dir/src.cxx.o -c /home/jmelo/projects/fractal-viewer/build/CMakeFiles/CMakeTmp/src.cxx
Linking CXX executable cmTryCompileExec990360502
/usr/bin/cmake -E cmake_link_script CMakeFiles/cmTryCompileExec990360502.dir/link.txt --verbose=1
/usr/bin/c++    -Wnon-virtual-dtor -Wno-long-long -Wundef -Wcast-align -Wchar-subscripts -Wall -W -Wpointer-arith -Wformat-security -fno-exceptions -DQT_NO_EXCEPTIONS -fno-check-new -fno-common -DHAVE_FPIE_SUPPORT    CMakeFiles/cmTryCompileExec990360502.dir/src.cxx.o  -o cmTryCompileExec990360502 -rdynamic 
make[1]: Leaving directory `/home/jmelo/projects/fractal-viewer/build/CMakeFiles/CMakeTmp'

Source file was:
int main() { return 0;}
Performing C++ SOURCE FILE Test __KDE_HAVE_W_OVERLOADED_VIRTUAL succeded with the following output:
Change Dir: /home/jmelo/projects/fractal-viewer/build/CMakeFiles/CMakeTmp

Run Build Command:/usr/bin/make "cmTryCompileExec1495248816/fast"
/usr/bin/make -f CMakeFiles/cmTryCompileExec1495248816.dir/build.make CMakeFiles/cmTryCompileExec1495248816.dir/build
make[1]: Entering directory `/home/jmelo/projects/fractal-viewer/build/CMakeFiles/CMakeTmp'
/usr/bin/cmake -E cmake_progress_report /home/jmelo/projects/fractal-viewer/build/CMakeFiles/CMakeTmp/CMakeFiles 1
Building CXX object CMakeFiles/cmTryCompileExec1495248816.dir/src.cxx.o
/usr/bin/c++    -Wnon-virtual-dtor -Wno-long-long -Wundef -Wcast-align -Wchar-subscripts -Wall -W -Wpointer-arith -Wformat-security -fno-exceptions -DQT_NO_EXCEPTIONS -fno-check-new -fno-common -D__KDE_HAVE_W_OVERLOADED_VIRTUAL   -Woverloaded-virtual -o CMakeFiles/cmTryCompileExec1495248816.dir/src.cxx.o -c /home/jmelo/projects/fractal-viewer/build/CMakeFiles/CMakeTmp/src.cxx
Linking CXX executable cmTryCompileExec1495248816
/usr/bin/cmake -E cmake_link_script CMakeFiles/cmTryCompileExec1495248816.dir/link.txt --verbose=1
/usr/bin/c++    -Wnon-virtual-dtor -Wno-long-long -Wundef -Wcast-align -Wchar-subscripts -Wall -W -Wpointer-arith -Wformat-security -fno-exceptions -DQT_NO_EXCEPTIONS -fno-check-new -fno-common -D__KDE_HAVE_W_OVERLOADED_VIRTUAL    CMakeFiles/cmTryCompileExec1495248816.dir/src.cxx.o  -o cmTryCompileExec1495248816 -rdynamic 
make[1]: Leaving directory `/home/jmelo/projects/fractal-viewer/build/CMakeFiles/CMakeTmp'

Source file was:
int main() { return 0;}
Performing C++ SOURCE FILE Test __KDE_HAVE_GCC_VISIBILITY succeded with the following output:
Change Dir: /home/jmelo/projects/fractal-viewer/build/CMakeFiles/CMakeTmp

Run Build Command:/usr/bin/make "cmTryCompileExec2834356031/fast"
/usr/bin/make -f CMakeFiles/cmTryCompileExec2834356031.dir/build.make CMakeFiles/cmTryCompileExec2834356031.dir/build
make[1]: Entering directory `/home/jmelo/projects/fractal-viewer/build/CMakeFiles/CMakeTmp'
/usr/bin/cmake -E cmake_progress_report /home/jmelo/projects/fractal-viewer/build/CMakeFiles/CMakeTmp/CMakeFiles 1
Building CXX object CMakeFiles/cmTryCompileExec2834356031.dir/src.cxx.o
/usr/bin/c++    -Wnon-virtual-dtor -Wno-long-long -Wundef -Wcast-align -Wchar-subscripts -Wall -W -Wpointer-arith -Wformat-security -fno-exceptions -DQT_NO_EXCEPTIONS -fno-check-new -fno-common -Woverloaded-virtual -D__KDE_HAVE_GCC_VISIBILITY   -fvisibility=hidden -o CMakeFiles/cmTryCompileExec2834356031.dir/src.cxx.o -c /home/jmelo/projects/fractal-viewer/build/CMakeFiles/CMakeTmp/src.cxx
Linking CXX executable cmTryCompileExec2834356031
/usr/bin/cmake -E cmake_link_script CMakeFiles/cmTryCompileExec2834356031.dir/link.txt --verbose=1
/usr/bin/c++    -Wnon-virtual-dtor -Wno-long-long -Wundef -Wcast-align -Wchar-subscripts -Wall -W -Wpointer-arith -Wformat-security -fno-exceptions -DQT_NO_EXCEPTIONS -fno-check-new -fno-common -Woverloaded-virtual -D__KDE_HAVE_GCC_VISIBILITY    CMakeFiles/cmTryCompileExec2834356031.dir/src.cxx.o  -o cmTryCompileExec2834356031 -rdynamic 
make[1]: Leaving directory `/home/jmelo/projects/fractal-viewer/build/CMakeFiles/CMakeTmp'

Source file was:
int main() { return 0;}
