Determining if the Q_WS_X11 exist failed with the following output:
Change Dir: /home/jmelo/projects/fractal-viewer/build/CMakeFiles/CMakeTmp

Run Build Command:/usr/bin/make "cmTryCompileExec1083240233/fast"
make[1]: Entering directory `/home/jmelo/projects/fractal-viewer/build/CMakeFiles/CMakeTmp'
/usr/bin/make -f CMakeFiles/cmTryCompileExec1083240233.dir/build.make CMakeFiles/cmTryCompileExec1083240233.dir/build
make[2]: Entering directory `/home/jmelo/projects/fractal-viewer/build/CMakeFiles/CMakeTmp'
/usr/bin/cmake -E cmake_progress_report /home/jmelo/projects/fractal-viewer/build/CMakeFiles/CMakeTmp/CMakeFiles 1
Building C object CMakeFiles/cmTryCompileExec1083240233.dir/CheckSymbolExists.c.o
/usr/bin/cc   -I/usr/include/qt5    -o CMakeFiles/cmTryCompileExec1083240233.dir/CheckSymbolExists.c.o   -c /home/jmelo/projects/fractal-viewer/build/CMakeFiles/CMakeTmp/CheckSymbolExists.c
/home/jmelo/projects/fractal-viewer/build/CMakeFiles/CMakeTmp/CheckSymbolExists.c: In function ‘main’:
/home/jmelo/projects/fractal-viewer/build/CMakeFiles/CMakeTmp/CheckSymbolExists.c:8:19: error: ‘Q_WS_X11’ undeclared (first use in this function)
   return ((int*)(&Q_WS_X11))[argc];
                   ^
/home/jmelo/projects/fractal-viewer/build/CMakeFiles/CMakeTmp/CheckSymbolExists.c:8:19: note: each undeclared identifier is reported only once for each function it appears in
make[2]: *** [CMakeFiles/cmTryCompileExec1083240233.dir/CheckSymbolExists.c.o] Error 1
make[2]: Leaving directory `/home/jmelo/projects/fractal-viewer/build/CMakeFiles/CMakeTmp'
make[1]: *** [cmTryCompileExec1083240233/fast] Error 2
make[1]: Leaving directory `/home/jmelo/projects/fractal-viewer/build/CMakeFiles/CMakeTmp'

File /home/jmelo/projects/fractal-viewer/build/CMakeFiles/CMakeTmp/CheckSymbolExists.c:
/* */
#include <QtCore/qglobal.h>

int main(int argc, char** argv)
{
  (void)argv;
#ifndef Q_WS_X11
  return ((int*)(&Q_WS_X11))[argc];
#else
  (void)argc;
  return 0;
#endif
}

Determining if the Q_WS_WIN exist failed with the following output:
Change Dir: /home/jmelo/projects/fractal-viewer/build/CMakeFiles/CMakeTmp

Run Build Command:/usr/bin/make "cmTryCompileExec92948790/fast"
make[1]: Entering directory `/home/jmelo/projects/fractal-viewer/build/CMakeFiles/CMakeTmp'
/usr/bin/make -f CMakeFiles/cmTryCompileExec92948790.dir/build.make CMakeFiles/cmTryCompileExec92948790.dir/build
make[2]: Entering directory `/home/jmelo/projects/fractal-viewer/build/CMakeFiles/CMakeTmp'
/usr/bin/cmake -E cmake_progress_report /home/jmelo/projects/fractal-viewer/build/CMakeFiles/CMakeTmp/CMakeFiles 1
Building C object CMakeFiles/cmTryCompileExec92948790.dir/CheckSymbolExists.c.o
/usr/bin/cc   -I/usr/include/qt5    -o CMakeFiles/cmTryCompileExec92948790.dir/CheckSymbolExists.c.o   -c /home/jmelo/projects/fractal-viewer/build/CMakeFiles/CMakeTmp/CheckSymbolExists.c
/home/jmelo/projects/fractal-viewer/build/CMakeFiles/CMakeTmp/CheckSymbolExists.c: In function ‘main’:
/home/jmelo/projects/fractal-viewer/build/CMakeFiles/CMakeTmp/CheckSymbolExists.c:8:19: error: ‘Q_WS_WIN’ undeclared (first use in this function)
   return ((int*)(&Q_WS_WIN))[argc];
                   ^
/home/jmelo/projects/fractal-viewer/build/CMakeFiles/CMakeTmp/CheckSymbolExists.c:8:19: note: each undeclared identifier is reported only once for each function it appears in
make[2]: Leaving directory `/home/jmelo/projects/fractal-viewer/build/CMakeFiles/CMakeTmp'
make[2]: *** [CMakeFiles/cmTryCompileExec92948790.dir/CheckSymbolExists.c.o] Error 1
make[1]: *** [cmTryCompileExec92948790/fast] Error 2
make[1]: Leaving directory `/home/jmelo/projects/fractal-viewer/build/CMakeFiles/CMakeTmp'

File /home/jmelo/projects/fractal-viewer/build/CMakeFiles/CMakeTmp/CheckSymbolExists.c:
/* */
#include <QtCore/qglobal.h>

int main(int argc, char** argv)
{
  (void)argv;
#ifndef Q_WS_WIN
  return ((int*)(&Q_WS_WIN))[argc];
#else
  (void)argc;
  return 0;
#endif
}

Determining if the Q_WS_QWS exist failed with the following output:
Change Dir: /home/jmelo/projects/fractal-viewer/build/CMakeFiles/CMakeTmp

Run Build Command:/usr/bin/make "cmTryCompileExec3622439376/fast"
make[1]: Entering directory `/home/jmelo/projects/fractal-viewer/build/CMakeFiles/CMakeTmp'
/usr/bin/make -f CMakeFiles/cmTryCompileExec3622439376.dir/build.make CMakeFiles/cmTryCompileExec3622439376.dir/build
make[2]: Entering directory `/home/jmelo/projects/fractal-viewer/build/CMakeFiles/CMakeTmp'
/usr/bin/cmake -E cmake_progress_report /home/jmelo/projects/fractal-viewer/build/CMakeFiles/CMakeTmp/CMakeFiles 1
Building C object CMakeFiles/cmTryCompileExec3622439376.dir/CheckSymbolExists.c.o
/usr/bin/cc   -I/usr/include/qt5    -o CMakeFiles/cmTryCompileExec3622439376.dir/CheckSymbolExists.c.o   -c /home/jmelo/projects/fractal-viewer/build/CMakeFiles/CMakeTmp/CheckSymbolExists.c
/home/jmelo/projects/fractal-viewer/build/CMakeFiles/CMakeTmp/CheckSymbolExists.c: In function ‘main’:
/home/jmelo/projects/fractal-viewer/build/CMakeFiles/CMakeTmp/CheckSymbolExists.c:8:19: error: ‘Q_WS_QWS’ undeclared (first use in this function)
   return ((int*)(&Q_WS_QWS))[argc];
                   ^
/home/jmelo/projects/fractal-viewer/build/CMakeFiles/CMakeTmp/CheckSymbolExists.c:8:19: note: each undeclared identifier is reported only once for each function it appears in
make[2]: Leaving directory `/home/jmelo/projects/fractal-viewer/build/CMakeFiles/CMakeTmp'
make[2]: *** [CMakeFiles/cmTryCompileExec3622439376.dir/CheckSymbolExists.c.o] Error 1
make[1]: Leaving directory `/home/jmelo/projects/fractal-viewer/build/CMakeFiles/CMakeTmp'
make[1]: *** [cmTryCompileExec3622439376/fast] Error 2

File /home/jmelo/projects/fractal-viewer/build/CMakeFiles/CMakeTmp/CheckSymbolExists.c:
/* */
#include <QtCore/qglobal.h>

int main(int argc, char** argv)
{
  (void)argv;
#ifndef Q_WS_QWS
  return ((int*)(&Q_WS_QWS))[argc];
#else
  (void)argc;
  return 0;
#endif
}

Determining if the Q_WS_MAC exist failed with the following output:
Change Dir: /home/jmelo/projects/fractal-viewer/build/CMakeFiles/CMakeTmp

Run Build Command:/usr/bin/make "cmTryCompileExec325930195/fast"
make[1]: Entering directory `/home/jmelo/projects/fractal-viewer/build/CMakeFiles/CMakeTmp'
/usr/bin/make -f CMakeFiles/cmTryCompileExec325930195.dir/build.make CMakeFiles/cmTryCompileExec325930195.dir/build
make[2]: Entering directory `/home/jmelo/projects/fractal-viewer/build/CMakeFiles/CMakeTmp'
/usr/bin/cmake -E cmake_progress_report /home/jmelo/projects/fractal-viewer/build/CMakeFiles/CMakeTmp/CMakeFiles 1
Building C object CMakeFiles/cmTryCompileExec325930195.dir/CheckSymbolExists.c.o
/usr/bin/cc   -I/usr/include/qt5    -o CMakeFiles/cmTryCompileExec325930195.dir/CheckSymbolExists.c.o   -c /home/jmelo/projects/fractal-viewer/build/CMakeFiles/CMakeTmp/CheckSymbolExists.c
/home/jmelo/projects/fractal-viewer/build/CMakeFiles/CMakeTmp/CheckSymbolExists.c: In function ‘main’:
/home/jmelo/projects/fractal-viewer/build/CMakeFiles/CMakeTmp/CheckSymbolExists.c:8:19: error: ‘Q_WS_MAC’ undeclared (first use in this function)
   return ((int*)(&Q_WS_MAC))[argc];
                   ^
/home/jmelo/projects/fractal-viewer/build/CMakeFiles/CMakeTmp/CheckSymbolExists.c:8:19: note: each undeclared identifier is reported only once for each function it appears in
make[2]: Leaving directory `/home/jmelo/projects/fractal-viewer/build/CMakeFiles/CMakeTmp'
make[2]: *** [CMakeFiles/cmTryCompileExec325930195.dir/CheckSymbolExists.c.o] Error 1
make[1]: *** [cmTryCompileExec325930195/fast] Error 2
make[1]: Leaving directory `/home/jmelo/projects/fractal-viewer/build/CMakeFiles/CMakeTmp'

File /home/jmelo/projects/fractal-viewer/build/CMakeFiles/CMakeTmp/CheckSymbolExists.c:
/* */
#include <QtCore/qglobal.h>

int main(int argc, char** argv)
{
  (void)argv;
#ifndef Q_WS_MAC
  return ((int*)(&Q_WS_MAC))[argc];
#else
  (void)argc;
  return 0;
#endif
}

Determining if the pthread_create exist failed with the following output:
Change Dir: /home/jmelo/projects/fractal-viewer/build/CMakeFiles/CMakeTmp

Run Build Command:/usr/bin/make "cmTryCompileExec2251415770/fast"
make[1]: Entering directory `/home/jmelo/projects/fractal-viewer/build/CMakeFiles/CMakeTmp'
/usr/bin/make -f CMakeFiles/cmTryCompileExec2251415770.dir/build.make CMakeFiles/cmTryCompileExec2251415770.dir/build
make[2]: Entering directory `/home/jmelo/projects/fractal-viewer/build/CMakeFiles/CMakeTmp'
/usr/bin/cmake -E cmake_progress_report /home/jmelo/projects/fractal-viewer/build/CMakeFiles/CMakeTmp/CMakeFiles 1
Building C object CMakeFiles/cmTryCompileExec2251415770.dir/CheckSymbolExists.c.o
/usr/bin/cc    -o CMakeFiles/cmTryCompileExec2251415770.dir/CheckSymbolExists.c.o   -c /home/jmelo/projects/fractal-viewer/build/CMakeFiles/CMakeTmp/CheckSymbolExists.c
Linking C executable cmTryCompileExec2251415770
/usr/bin/cmake -E cmake_link_script CMakeFiles/cmTryCompileExec2251415770.dir/link.txt --verbose=1
/usr/bin/cc       CMakeFiles/cmTryCompileExec2251415770.dir/CheckSymbolExists.c.o  -o cmTryCompileExec2251415770 -rdynamic 
CMakeFiles/cmTryCompileExec2251415770.dir/CheckSymbolExists.c.o: In function `main':
CheckSymbolExists.c:(.text+0x16): undefined reference to `pthread_create'
collect2: error: ld returned 1 exit status
make[2]: Leaving directory `/home/jmelo/projects/fractal-viewer/build/CMakeFiles/CMakeTmp'
make[1]: Leaving directory `/home/jmelo/projects/fractal-viewer/build/CMakeFiles/CMakeTmp'
make[2]: *** [cmTryCompileExec2251415770] Error 1
make[1]: *** [cmTryCompileExec2251415770/fast] Error 2

File /home/jmelo/projects/fractal-viewer/build/CMakeFiles/CMakeTmp/CheckSymbolExists.c:
/* */
#include <pthread.h>

int main(int argc, char** argv)
{
  (void)argv;
#ifndef pthread_create
  return ((int*)(&pthread_create))[argc];
#else
  (void)argc;
  return 0;
#endif
}

Determining if the function pthread_create exists in the pthreads failed with the following output:
Change Dir: /home/jmelo/projects/fractal-viewer/build/CMakeFiles/CMakeTmp

Run Build Command:/usr/bin/make "cmTryCompileExec3450894171/fast"
make[1]: Entering directory `/home/jmelo/projects/fractal-viewer/build/CMakeFiles/CMakeTmp'
/usr/bin/make -f CMakeFiles/cmTryCompileExec3450894171.dir/build.make CMakeFiles/cmTryCompileExec3450894171.dir/build
make[2]: Entering directory `/home/jmelo/projects/fractal-viewer/build/CMakeFiles/CMakeTmp'
/usr/bin/cmake -E cmake_progress_report /home/jmelo/projects/fractal-viewer/build/CMakeFiles/CMakeTmp/CMakeFiles 1
Building C object CMakeFiles/cmTryCompileExec3450894171.dir/CheckFunctionExists.c.o
/usr/bin/cc   -DCHECK_FUNCTION_EXISTS=pthread_create   -o CMakeFiles/cmTryCompileExec3450894171.dir/CheckFunctionExists.c.o   -c /usr/share/cmake-2.8/Modules/CheckFunctionExists.c
Linking C executable cmTryCompileExec3450894171
/usr/bin/cmake -E cmake_link_script CMakeFiles/cmTryCompileExec3450894171.dir/link.txt --verbose=1
/usr/bin/cc   -DCHECK_FUNCTION_EXISTS=pthread_create    CMakeFiles/cmTryCompileExec3450894171.dir/CheckFunctionExists.c.o  -o cmTryCompileExec3450894171 -rdynamic -lpthreads 
/usr/bin/ld: cannot find -lpthreads
collect2: error: ld returned 1 exit status
make[2]: *** [cmTryCompileExec3450894171] Error 1
make[2]: Leaving directory `/home/jmelo/projects/fractal-viewer/build/CMakeFiles/CMakeTmp'
make[1]: Leaving directory `/home/jmelo/projects/fractal-viewer/build/CMakeFiles/CMakeTmp'
make[1]: *** [cmTryCompileExec3450894171/fast] Error 2


Determining if the Q_WS_X11 exist failed with the following output:
Change Dir: /home/jmelo/projects/fractal-viewer/build/CMakeFiles/CMakeTmp

Run Build Command:/usr/bin/make "cmTryCompileExec3538942572/fast"
/usr/bin/make -f CMakeFiles/cmTryCompileExec3538942572.dir/build.make CMakeFiles/cmTryCompileExec3538942572.dir/build
make[1]: Entering directory `/home/jmelo/projects/fractal-viewer/build/CMakeFiles/CMakeTmp'
/usr/bin/cmake -E cmake_progress_report /home/jmelo/projects/fractal-viewer/build/CMakeFiles/CMakeTmp/CMakeFiles 1
Building C object CMakeFiles/cmTryCompileExec3538942572.dir/CheckSymbolExists.c.o
/usr/bin/cc   -I/usr/include/qt5    -o CMakeFiles/cmTryCompileExec3538942572.dir/CheckSymbolExists.c.o   -c /home/jmelo/projects/fractal-viewer/build/CMakeFiles/CMakeTmp/CheckSymbolExists.c
/home/jmelo/projects/fractal-viewer/build/CMakeFiles/CMakeTmp/CheckSymbolExists.c: In function ‘main’:
/home/jmelo/projects/fractal-viewer/build/CMakeFiles/CMakeTmp/CheckSymbolExists.c:8:19: error: ‘Q_WS_X11’ undeclared (first use in this function)
   return ((int*)(&Q_WS_X11))[argc];
                   ^
/home/jmelo/projects/fractal-viewer/build/CMakeFiles/CMakeTmp/CheckSymbolExists.c:8:19: note: each undeclared identifier is reported only once for each function it appears in
make[1]: *** [CMakeFiles/cmTryCompileExec3538942572.dir/CheckSymbolExists.c.o] Error 1
make[1]: Leaving directory `/home/jmelo/projects/fractal-viewer/build/CMakeFiles/CMakeTmp'
make: *** [cmTryCompileExec3538942572/fast] Error 2

File /home/jmelo/projects/fractal-viewer/build/CMakeFiles/CMakeTmp/CheckSymbolExists.c:
/* */
#include <QtCore/qglobal.h>

int main(int argc, char** argv)
{
  (void)argv;
#ifndef Q_WS_X11
  return ((int*)(&Q_WS_X11))[argc];
#else
  (void)argc;
  return 0;
#endif
}

Determining if the Q_WS_WIN exist failed with the following output:
Change Dir: /home/jmelo/projects/fractal-viewer/build/CMakeFiles/CMakeTmp

Run Build Command:/usr/bin/make "cmTryCompileExec2136259782/fast"
/usr/bin/make -f CMakeFiles/cmTryCompileExec2136259782.dir/build.make CMakeFiles/cmTryCompileExec2136259782.dir/build
make[1]: Entering directory `/home/jmelo/projects/fractal-viewer/build/CMakeFiles/CMakeTmp'
/usr/bin/cmake -E cmake_progress_report /home/jmelo/projects/fractal-viewer/build/CMakeFiles/CMakeTmp/CMakeFiles 1
Building C object CMakeFiles/cmTryCompileExec2136259782.dir/CheckSymbolExists.c.o
/usr/bin/cc   -I/usr/include/qt5    -o CMakeFiles/cmTryCompileExec2136259782.dir/CheckSymbolExists.c.o   -c /home/jmelo/projects/fractal-viewer/build/CMakeFiles/CMakeTmp/CheckSymbolExists.c
/home/jmelo/projects/fractal-viewer/build/CMakeFiles/CMakeTmp/CheckSymbolExists.c: In function ‘main’:
/home/jmelo/projects/fractal-viewer/build/CMakeFiles/CMakeTmp/CheckSymbolExists.c:8:19: error: ‘Q_WS_WIN’ undeclared (first use in this function)
   return ((int*)(&Q_WS_WIN))[argc];
                   ^
/home/jmelo/projects/fractal-viewer/build/CMakeFiles/CMakeTmp/CheckSymbolExists.c:8:19: note: each undeclared identifier is reported only once for each function it appears in
make[1]: *** [CMakeFiles/cmTryCompileExec2136259782.dir/CheckSymbolExists.c.o] Error 1
make[1]: Leaving directory `/home/jmelo/projects/fractal-viewer/build/CMakeFiles/CMakeTmp'
make: *** [cmTryCompileExec2136259782/fast] Error 2

File /home/jmelo/projects/fractal-viewer/build/CMakeFiles/CMakeTmp/CheckSymbolExists.c:
/* */
#include <QtCore/qglobal.h>

int main(int argc, char** argv)
{
  (void)argv;
#ifndef Q_WS_WIN
  return ((int*)(&Q_WS_WIN))[argc];
#else
  (void)argc;
  return 0;
#endif
}

Determining if the Q_WS_QWS exist failed with the following output:
Change Dir: /home/jmelo/projects/fractal-viewer/build/CMakeFiles/CMakeTmp

Run Build Command:/usr/bin/make "cmTryCompileExec3403609977/fast"
/usr/bin/make -f CMakeFiles/cmTryCompileExec3403609977.dir/build.make CMakeFiles/cmTryCompileExec3403609977.dir/build
make[1]: Entering directory `/home/jmelo/projects/fractal-viewer/build/CMakeFiles/CMakeTmp'
/usr/bin/cmake -E cmake_progress_report /home/jmelo/projects/fractal-viewer/build/CMakeFiles/CMakeTmp/CMakeFiles 1
Building C object CMakeFiles/cmTryCompileExec3403609977.dir/CheckSymbolExists.c.o
/usr/bin/cc   -I/usr/include/qt5    -o CMakeFiles/cmTryCompileExec3403609977.dir/CheckSymbolExists.c.o   -c /home/jmelo/projects/fractal-viewer/build/CMakeFiles/CMakeTmp/CheckSymbolExists.c
/home/jmelo/projects/fractal-viewer/build/CMakeFiles/CMakeTmp/CheckSymbolExists.c: In function ‘main’:
/home/jmelo/projects/fractal-viewer/build/CMakeFiles/CMakeTmp/CheckSymbolExists.c:8:19: error: ‘Q_WS_QWS’ undeclared (first use in this function)
   return ((int*)(&Q_WS_QWS))[argc];
                   ^
/home/jmelo/projects/fractal-viewer/build/CMakeFiles/CMakeTmp/CheckSymbolExists.c:8:19: note: each undeclared identifier is reported only once for each function it appears in
make[1]: Leaving directory `/home/jmelo/projects/fractal-viewer/build/CMakeFiles/CMakeTmp'
make[1]: *** [CMakeFiles/cmTryCompileExec3403609977.dir/CheckSymbolExists.c.o] Error 1
make: *** [cmTryCompileExec3403609977/fast] Error 2

File /home/jmelo/projects/fractal-viewer/build/CMakeFiles/CMakeTmp/CheckSymbolExists.c:
/* */
#include <QtCore/qglobal.h>

int main(int argc, char** argv)
{
  (void)argv;
#ifndef Q_WS_QWS
  return ((int*)(&Q_WS_QWS))[argc];
#else
  (void)argc;
  return 0;
#endif
}

Determining if the Q_WS_MAC exist failed with the following output:
Change Dir: /home/jmelo/projects/fractal-viewer/build/CMakeFiles/CMakeTmp

Run Build Command:/usr/bin/make "cmTryCompileExec2043312732/fast"
/usr/bin/make -f CMakeFiles/cmTryCompileExec2043312732.dir/build.make CMakeFiles/cmTryCompileExec2043312732.dir/build
make[1]: Entering directory `/home/jmelo/projects/fractal-viewer/build/CMakeFiles/CMakeTmp'
/usr/bin/cmake -E cmake_progress_report /home/jmelo/projects/fractal-viewer/build/CMakeFiles/CMakeTmp/CMakeFiles 1
Building C object CMakeFiles/cmTryCompileExec2043312732.dir/CheckSymbolExists.c.o
/usr/bin/cc   -I/usr/include/qt5    -o CMakeFiles/cmTryCompileExec2043312732.dir/CheckSymbolExists.c.o   -c /home/jmelo/projects/fractal-viewer/build/CMakeFiles/CMakeTmp/CheckSymbolExists.c
/home/jmelo/projects/fractal-viewer/build/CMakeFiles/CMakeTmp/CheckSymbolExists.c: In function ‘main’:
/home/jmelo/projects/fractal-viewer/build/CMakeFiles/CMakeTmp/CheckSymbolExists.c:8:19: error: ‘Q_WS_MAC’ undeclared (first use in this function)
   return ((int*)(&Q_WS_MAC))[argc];
                   ^
/home/jmelo/projects/fractal-viewer/build/CMakeFiles/CMakeTmp/CheckSymbolExists.c:8:19: note: each undeclared identifier is reported only once for each function it appears in
make[1]: Leaving directory `/home/jmelo/projects/fractal-viewer/build/CMakeFiles/CMakeTmp'
make[1]: *** [CMakeFiles/cmTryCompileExec2043312732.dir/CheckSymbolExists.c.o] Error 1
make: *** [cmTryCompileExec2043312732/fast] Error 2

File /home/jmelo/projects/fractal-viewer/build/CMakeFiles/CMakeTmp/CheckSymbolExists.c:
/* */
#include <QtCore/qglobal.h>

int main(int argc, char** argv)
{
  (void)argv;
#ifndef Q_WS_MAC
  return ((int*)(&Q_WS_MAC))[argc];
#else
  (void)argc;
  return 0;
#endif
}

Determining if the pthread_create exist failed with the following output:
Change Dir: /home/jmelo/projects/fractal-viewer/build/CMakeFiles/CMakeTmp

Run Build Command:/usr/bin/make "cmTryCompileExec3042621227/fast"
/usr/bin/make -f CMakeFiles/cmTryCompileExec3042621227.dir/build.make CMakeFiles/cmTryCompileExec3042621227.dir/build
make[1]: Entering directory `/home/jmelo/projects/fractal-viewer/build/CMakeFiles/CMakeTmp'
/usr/bin/cmake -E cmake_progress_report /home/jmelo/projects/fractal-viewer/build/CMakeFiles/CMakeTmp/CMakeFiles 1
Building C object CMakeFiles/cmTryCompileExec3042621227.dir/CheckSymbolExists.c.o
/usr/bin/cc    -o CMakeFiles/cmTryCompileExec3042621227.dir/CheckSymbolExists.c.o   -c /home/jmelo/projects/fractal-viewer/build/CMakeFiles/CMakeTmp/CheckSymbolExists.c
Linking C executable cmTryCompileExec3042621227
/usr/bin/cmake -E cmake_link_script CMakeFiles/cmTryCompileExec3042621227.dir/link.txt --verbose=1
/usr/bin/cc       CMakeFiles/cmTryCompileExec3042621227.dir/CheckSymbolExists.c.o  -o cmTryCompileExec3042621227 -rdynamic 
CMakeFiles/cmTryCompileExec3042621227.dir/CheckSymbolExists.c.o: In function `main':
CheckSymbolExists.c:(.text+0x16): undefined reference to `pthread_create'
collect2: error: ld returned 1 exit status
make[1]: *** [cmTryCompileExec3042621227] Error 1
make[1]: Leaving directory `/home/jmelo/projects/fractal-viewer/build/CMakeFiles/CMakeTmp'
make: *** [cmTryCompileExec3042621227/fast] Error 2

File /home/jmelo/projects/fractal-viewer/build/CMakeFiles/CMakeTmp/CheckSymbolExists.c:
/* */
#include <pthread.h>

int main(int argc, char** argv)
{
  (void)argv;
#ifndef pthread_create
  return ((int*)(&pthread_create))[argc];
#else
  (void)argc;
  return 0;
#endif
}

Determining if the function pthread_create exists in the pthreads failed with the following output:
Change Dir: /home/jmelo/projects/fractal-viewer/build/CMakeFiles/CMakeTmp

Run Build Command:/usr/bin/make "cmTryCompileExec1429190238/fast"
/usr/bin/make -f CMakeFiles/cmTryCompileExec1429190238.dir/build.make CMakeFiles/cmTryCompileExec1429190238.dir/build
make[1]: Entering directory `/home/jmelo/projects/fractal-viewer/build/CMakeFiles/CMakeTmp'
/usr/bin/cmake -E cmake_progress_report /home/jmelo/projects/fractal-viewer/build/CMakeFiles/CMakeTmp/CMakeFiles 1
Building C object CMakeFiles/cmTryCompileExec1429190238.dir/CheckFunctionExists.c.o
/usr/bin/cc   -DCHECK_FUNCTION_EXISTS=pthread_create   -o CMakeFiles/cmTryCompileExec1429190238.dir/CheckFunctionExists.c.o   -c /usr/share/cmake-2.8/Modules/CheckFunctionExists.c
Linking C executable cmTryCompileExec1429190238
/usr/bin/cmake -E cmake_link_script CMakeFiles/cmTryCompileExec1429190238.dir/link.txt --verbose=1
/usr/bin/cc   -DCHECK_FUNCTION_EXISTS=pthread_create    CMakeFiles/cmTryCompileExec1429190238.dir/CheckFunctionExists.c.o  -o cmTryCompileExec1429190238 -rdynamic -lpthreads 
/usr/bin/ld: cannot find -lpthreads
collect2: error: ld returned 1 exit status
make[1]: *** [cmTryCompileExec1429190238] Error 1
make[1]: Leaving directory `/home/jmelo/projects/fractal-viewer/build/CMakeFiles/CMakeTmp'
make: *** [cmTryCompileExec1429190238/fast] Error 2


Determining if the Q_WS_X11 exist failed with the following output:
Change Dir: /home/jmelo/projects/fractal-viewer/build/CMakeFiles/CMakeTmp

Run Build Command:/usr/bin/make "cmTryCompileExec3392803038/fast"
/usr/bin/make -f CMakeFiles/cmTryCompileExec3392803038.dir/build.make CMakeFiles/cmTryCompileExec3392803038.dir/build
make[1]: Entering directory `/home/jmelo/projects/fractal-viewer/build/CMakeFiles/CMakeTmp'
/usr/bin/cmake -E cmake_progress_report /home/jmelo/projects/fractal-viewer/build/CMakeFiles/CMakeTmp/CMakeFiles 1
Building C object CMakeFiles/cmTryCompileExec3392803038.dir/CheckSymbolExists.c.o
/usr/bin/cc   -I/usr/include/qt5    -o CMakeFiles/cmTryCompileExec3392803038.dir/CheckSymbolExists.c.o   -c /home/jmelo/projects/fractal-viewer/build/CMakeFiles/CMakeTmp/CheckSymbolExists.c
/home/jmelo/projects/fractal-viewer/build/CMakeFiles/CMakeTmp/CheckSymbolExists.c: In function ‘main’:
/home/jmelo/projects/fractal-viewer/build/CMakeFiles/CMakeTmp/CheckSymbolExists.c:8:19: error: ‘Q_WS_X11’ undeclared (first use in this function)
   return ((int*)(&Q_WS_X11))[argc];
                   ^
/home/jmelo/projects/fractal-viewer/build/CMakeFiles/CMakeTmp/CheckSymbolExists.c:8:19: note: each undeclared identifier is reported only once for each function it appears in
make[1]: *** [CMakeFiles/cmTryCompileExec3392803038.dir/CheckSymbolExists.c.o] Error 1
make[1]: Leaving directory `/home/jmelo/projects/fractal-viewer/build/CMakeFiles/CMakeTmp'
make: *** [cmTryCompileExec3392803038/fast] Error 2

File /home/jmelo/projects/fractal-viewer/build/CMakeFiles/CMakeTmp/CheckSymbolExists.c:
/* */
#include <QtCore/qglobal.h>

int main(int argc, char** argv)
{
  (void)argv;
#ifndef Q_WS_X11
  return ((int*)(&Q_WS_X11))[argc];
#else
  (void)argc;
  return 0;
#endif
}

Determining if the Q_WS_WIN exist failed with the following output:
Change Dir: /home/jmelo/projects/fractal-viewer/build/CMakeFiles/CMakeTmp

Run Build Command:/usr/bin/make "cmTryCompileExec1648859999/fast"
/usr/bin/make -f CMakeFiles/cmTryCompileExec1648859999.dir/build.make CMakeFiles/cmTryCompileExec1648859999.dir/build
make[1]: Entering directory `/home/jmelo/projects/fractal-viewer/build/CMakeFiles/CMakeTmp'
/usr/bin/cmake -E cmake_progress_report /home/jmelo/projects/fractal-viewer/build/CMakeFiles/CMakeTmp/CMakeFiles 1
Building C object CMakeFiles/cmTryCompileExec1648859999.dir/CheckSymbolExists.c.o
/usr/bin/cc   -I/usr/include/qt5    -o CMakeFiles/cmTryCompileExec1648859999.dir/CheckSymbolExists.c.o   -c /home/jmelo/projects/fractal-viewer/build/CMakeFiles/CMakeTmp/CheckSymbolExists.c
/home/jmelo/projects/fractal-viewer/build/CMakeFiles/CMakeTmp/CheckSymbolExists.c: In function ‘main’:
/home/jmelo/projects/fractal-viewer/build/CMakeFiles/CMakeTmp/CheckSymbolExists.c:8:19: error: ‘Q_WS_WIN’ undeclared (first use in this function)
   return ((int*)(&Q_WS_WIN))[argc];
                   ^
/home/jmelo/projects/fractal-viewer/build/CMakeFiles/CMakeTmp/CheckSymbolExists.c:8:19: note: each undeclared identifier is reported only once for each function it appears in
make[1]: Leaving directory `/home/jmelo/projects/fractal-viewer/build/CMakeFiles/CMakeTmp'
make[1]: *** [CMakeFiles/cmTryCompileExec1648859999.dir/CheckSymbolExists.c.o] Error 1
make: *** [cmTryCompileExec1648859999/fast] Error 2

File /home/jmelo/projects/fractal-viewer/build/CMakeFiles/CMakeTmp/CheckSymbolExists.c:
/* */
#include <QtCore/qglobal.h>

int main(int argc, char** argv)
{
  (void)argv;
#ifndef Q_WS_WIN
  return ((int*)(&Q_WS_WIN))[argc];
#else
  (void)argc;
  return 0;
#endif
}

Determining if the Q_WS_QWS exist failed with the following output:
Change Dir: /home/jmelo/projects/fractal-viewer/build/CMakeFiles/CMakeTmp

Run Build Command:/usr/bin/make "cmTryCompileExec4159136288/fast"
/usr/bin/make -f CMakeFiles/cmTryCompileExec4159136288.dir/build.make CMakeFiles/cmTryCompileExec4159136288.dir/build
make[1]: Entering directory `/home/jmelo/projects/fractal-viewer/build/CMakeFiles/CMakeTmp'
/usr/bin/cmake -E cmake_progress_report /home/jmelo/projects/fractal-viewer/build/CMakeFiles/CMakeTmp/CMakeFiles 1
Building C object CMakeFiles/cmTryCompileExec4159136288.dir/CheckSymbolExists.c.o
/usr/bin/cc   -I/usr/include/qt5    -o CMakeFiles/cmTryCompileExec4159136288.dir/CheckSymbolExists.c.o   -c /home/jmelo/projects/fractal-viewer/build/CMakeFiles/CMakeTmp/CheckSymbolExists.c
/home/jmelo/projects/fractal-viewer/build/CMakeFiles/CMakeTmp/CheckSymbolExists.c: In function ‘main’:
/home/jmelo/projects/fractal-viewer/build/CMakeFiles/CMakeTmp/CheckSymbolExists.c:8:19: error: ‘Q_WS_QWS’ undeclared (first use in this function)
   return ((int*)(&Q_WS_QWS))[argc];
                   ^
/home/jmelo/projects/fractal-viewer/build/CMakeFiles/CMakeTmp/CheckSymbolExists.c:8:19: note: each undeclared identifier is reported only once for each function it appears in
make[1]: *** [CMakeFiles/cmTryCompileExec4159136288.dir/CheckSymbolExists.c.o] Error 1
make[1]: Leaving directory `/home/jmelo/projects/fractal-viewer/build/CMakeFiles/CMakeTmp'
make: *** [cmTryCompileExec4159136288/fast] Error 2

File /home/jmelo/projects/fractal-viewer/build/CMakeFiles/CMakeTmp/CheckSymbolExists.c:
/* */
#include <QtCore/qglobal.h>

int main(int argc, char** argv)
{
  (void)argv;
#ifndef Q_WS_QWS
  return ((int*)(&Q_WS_QWS))[argc];
#else
  (void)argc;
  return 0;
#endif
}

Determining if the Q_WS_MAC exist failed with the following output:
Change Dir: /home/jmelo/projects/fractal-viewer/build/CMakeFiles/CMakeTmp

Run Build Command:/usr/bin/make "cmTryCompileExec2976094523/fast"
/usr/bin/make -f CMakeFiles/cmTryCompileExec2976094523.dir/build.make CMakeFiles/cmTryCompileExec2976094523.dir/build
make[1]: Entering directory `/home/jmelo/projects/fractal-viewer/build/CMakeFiles/CMakeTmp'
/usr/bin/cmake -E cmake_progress_report /home/jmelo/projects/fractal-viewer/build/CMakeFiles/CMakeTmp/CMakeFiles 1
Building C object CMakeFiles/cmTryCompileExec2976094523.dir/CheckSymbolExists.c.o
/usr/bin/cc   -I/usr/include/qt5    -o CMakeFiles/cmTryCompileExec2976094523.dir/CheckSymbolExists.c.o   -c /home/jmelo/projects/fractal-viewer/build/CMakeFiles/CMakeTmp/CheckSymbolExists.c
/home/jmelo/projects/fractal-viewer/build/CMakeFiles/CMakeTmp/CheckSymbolExists.c: In function ‘main’:
/home/jmelo/projects/fractal-viewer/build/CMakeFiles/CMakeTmp/CheckSymbolExists.c:8:19: error: ‘Q_WS_MAC’ undeclared (first use in this function)
   return ((int*)(&Q_WS_MAC))[argc];
                   ^
/home/jmelo/projects/fractal-viewer/build/CMakeFiles/CMakeTmp/CheckSymbolExists.c:8:19: note: each undeclared identifier is reported only once for each function it appears in
make[1]: *** [CMakeFiles/cmTryCompileExec2976094523.dir/CheckSymbolExists.c.o] Error 1
make[1]: Leaving directory `/home/jmelo/projects/fractal-viewer/build/CMakeFiles/CMakeTmp'
make: *** [cmTryCompileExec2976094523/fast] Error 2

File /home/jmelo/projects/fractal-viewer/build/CMakeFiles/CMakeTmp/CheckSymbolExists.c:
/* */
#include <QtCore/qglobal.h>

int main(int argc, char** argv)
{
  (void)argv;
#ifndef Q_WS_MAC
  return ((int*)(&Q_WS_MAC))[argc];
#else
  (void)argc;
  return 0;
#endif
}

Determining if the pthread_create exist failed with the following output:
Change Dir: /home/jmelo/projects/fractal-viewer/build/CMakeFiles/CMakeTmp

Run Build Command:/usr/bin/make "cmTryCompileExec2258362158/fast"
/usr/bin/make -f CMakeFiles/cmTryCompileExec2258362158.dir/build.make CMakeFiles/cmTryCompileExec2258362158.dir/build
make[1]: Entering directory `/home/jmelo/projects/fractal-viewer/build/CMakeFiles/CMakeTmp'
/usr/bin/cmake -E cmake_progress_report /home/jmelo/projects/fractal-viewer/build/CMakeFiles/CMakeTmp/CMakeFiles 1
Building C object CMakeFiles/cmTryCompileExec2258362158.dir/CheckSymbolExists.c.o
/usr/bin/cc    -o CMakeFiles/cmTryCompileExec2258362158.dir/CheckSymbolExists.c.o   -c /home/jmelo/projects/fractal-viewer/build/CMakeFiles/CMakeTmp/CheckSymbolExists.c
Linking C executable cmTryCompileExec2258362158
/usr/bin/cmake -E cmake_link_script CMakeFiles/cmTryCompileExec2258362158.dir/link.txt --verbose=1
/usr/bin/cc       CMakeFiles/cmTryCompileExec2258362158.dir/CheckSymbolExists.c.o  -o cmTryCompileExec2258362158 -rdynamic 
CMakeFiles/cmTryCompileExec2258362158.dir/CheckSymbolExists.c.o: In function `main':
CheckSymbolExists.c:(.text+0x16): undefined reference to `pthread_create'
collect2: error: ld returned 1 exit status
make[1]: *** [cmTryCompileExec2258362158] Error 1
make[1]: Leaving directory `/home/jmelo/projects/fractal-viewer/build/CMakeFiles/CMakeTmp'
make: *** [cmTryCompileExec2258362158/fast] Error 2

File /home/jmelo/projects/fractal-viewer/build/CMakeFiles/CMakeTmp/CheckSymbolExists.c:
/* */
#include <pthread.h>

int main(int argc, char** argv)
{
  (void)argv;
#ifndef pthread_create
  return ((int*)(&pthread_create))[argc];
#else
  (void)argc;
  return 0;
#endif
}

Determining if the function pthread_create exists in the pthreads failed with the following output:
Change Dir: /home/jmelo/projects/fractal-viewer/build/CMakeFiles/CMakeTmp

Run Build Command:/usr/bin/make "cmTryCompileExec2207227286/fast"
/usr/bin/make -f CMakeFiles/cmTryCompileExec2207227286.dir/build.make CMakeFiles/cmTryCompileExec2207227286.dir/build
make[1]: Entering directory `/home/jmelo/projects/fractal-viewer/build/CMakeFiles/CMakeTmp'
/usr/bin/cmake -E cmake_progress_report /home/jmelo/projects/fractal-viewer/build/CMakeFiles/CMakeTmp/CMakeFiles 1
Building C object CMakeFiles/cmTryCompileExec2207227286.dir/CheckFunctionExists.c.o
/usr/bin/cc   -DCHECK_FUNCTION_EXISTS=pthread_create   -o CMakeFiles/cmTryCompileExec2207227286.dir/CheckFunctionExists.c.o   -c /usr/share/cmake-2.8/Modules/CheckFunctionExists.c
Linking C executable cmTryCompileExec2207227286
/usr/bin/cmake -E cmake_link_script CMakeFiles/cmTryCompileExec2207227286.dir/link.txt --verbose=1
/usr/bin/cc   -DCHECK_FUNCTION_EXISTS=pthread_create    CMakeFiles/cmTryCompileExec2207227286.dir/CheckFunctionExists.c.o  -o cmTryCompileExec2207227286 -rdynamic -lpthreads 
/usr/bin/ld: cannot find -lpthreads
collect2: error: ld returned 1 exit status
make[1]: *** [cmTryCompileExec2207227286] Error 1
make[1]: Leaving directory `/home/jmelo/projects/fractal-viewer/build/CMakeFiles/CMakeTmp'
make: *** [cmTryCompileExec2207227286/fast] Error 2


Determining if the Q_WS_X11 exist failed with the following output:
Change Dir: /home/jmelo/projects/fractal-viewer/build/CMakeFiles/CMakeTmp

Run Build Command:/usr/bin/make "cmTryCompileExec802804737/fast"
/usr/bin/make -f CMakeFiles/cmTryCompileExec802804737.dir/build.make CMakeFiles/cmTryCompileExec802804737.dir/build
make[1]: Entering directory `/home/jmelo/projects/fractal-viewer/build/CMakeFiles/CMakeTmp'
/usr/bin/cmake -E cmake_progress_report /home/jmelo/projects/fractal-viewer/build/CMakeFiles/CMakeTmp/CMakeFiles 1
Building C object CMakeFiles/cmTryCompileExec802804737.dir/CheckSymbolExists.c.o
/usr/bin/cc   -I/usr/include/qt5    -o CMakeFiles/cmTryCompileExec802804737.dir/CheckSymbolExists.c.o   -c /home/jmelo/projects/fractal-viewer/build/CMakeFiles/CMakeTmp/CheckSymbolExists.c
/home/jmelo/projects/fractal-viewer/build/CMakeFiles/CMakeTmp/CheckSymbolExists.c: In function ‘main’:
/home/jmelo/projects/fractal-viewer/build/CMakeFiles/CMakeTmp/CheckSymbolExists.c:8:19: error: ‘Q_WS_X11’ undeclared (first use in this function)
   return ((int*)(&Q_WS_X11))[argc];
                   ^
/home/jmelo/projects/fractal-viewer/build/CMakeFiles/CMakeTmp/CheckSymbolExists.c:8:19: note: each undeclared identifier is reported only once for each function it appears in
make[1]: *** [CMakeFiles/cmTryCompileExec802804737.dir/CheckSymbolExists.c.o] Error 1
make[1]: Leaving directory `/home/jmelo/projects/fractal-viewer/build/CMakeFiles/CMakeTmp'
make: *** [cmTryCompileExec802804737/fast] Error 2

File /home/jmelo/projects/fractal-viewer/build/CMakeFiles/CMakeTmp/CheckSymbolExists.c:
/* */
#include <QtCore/qglobal.h>

int main(int argc, char** argv)
{
  (void)argv;
#ifndef Q_WS_X11
  return ((int*)(&Q_WS_X11))[argc];
#else
  (void)argc;
  return 0;
#endif
}

Determining if the Q_WS_WIN exist failed with the following output:
Change Dir: /home/jmelo/projects/fractal-viewer/build/CMakeFiles/CMakeTmp

Run Build Command:/usr/bin/make "cmTryCompileExec1082481634/fast"
/usr/bin/make -f CMakeFiles/cmTryCompileExec1082481634.dir/build.make CMakeFiles/cmTryCompileExec1082481634.dir/build
make[1]: Entering directory `/home/jmelo/projects/fractal-viewer/build/CMakeFiles/CMakeTmp'
/usr/bin/cmake -E cmake_progress_report /home/jmelo/projects/fractal-viewer/build/CMakeFiles/CMakeTmp/CMakeFiles 1
Building C object CMakeFiles/cmTryCompileExec1082481634.dir/CheckSymbolExists.c.o
/usr/bin/cc   -I/usr/include/qt5    -o CMakeFiles/cmTryCompileExec1082481634.dir/CheckSymbolExists.c.o   -c /home/jmelo/projects/fractal-viewer/build/CMakeFiles/CMakeTmp/CheckSymbolExists.c
/home/jmelo/projects/fractal-viewer/build/CMakeFiles/CMakeTmp/CheckSymbolExists.c: In function ‘main’:
/home/jmelo/projects/fractal-viewer/build/CMakeFiles/CMakeTmp/CheckSymbolExists.c:8:19: error: ‘Q_WS_WIN’ undeclared (first use in this function)
   return ((int*)(&Q_WS_WIN))[argc];
                   ^
/home/jmelo/projects/fractal-viewer/build/CMakeFiles/CMakeTmp/CheckSymbolExists.c:8:19: note: each undeclared identifier is reported only once for each function it appears in
make[1]: *** [CMakeFiles/cmTryCompileExec1082481634.dir/CheckSymbolExists.c.o] Error 1
make[1]: Leaving directory `/home/jmelo/projects/fractal-viewer/build/CMakeFiles/CMakeTmp'
make: *** [cmTryCompileExec1082481634/fast] Error 2

File /home/jmelo/projects/fractal-viewer/build/CMakeFiles/CMakeTmp/CheckSymbolExists.c:
/* */
#include <QtCore/qglobal.h>

int main(int argc, char** argv)
{
  (void)argv;
#ifndef Q_WS_WIN
  return ((int*)(&Q_WS_WIN))[argc];
#else
  (void)argc;
  return 0;
#endif
}

Determining if the Q_WS_QWS exist failed with the following output:
Change Dir: /home/jmelo/projects/fractal-viewer/build/CMakeFiles/CMakeTmp

Run Build Command:/usr/bin/make "cmTryCompileExec1909250435/fast"
/usr/bin/make -f CMakeFiles/cmTryCompileExec1909250435.dir/build.make CMakeFiles/cmTryCompileExec1909250435.dir/build
make[1]: Entering directory `/home/jmelo/projects/fractal-viewer/build/CMakeFiles/CMakeTmp'
/usr/bin/cmake -E cmake_progress_report /home/jmelo/projects/fractal-viewer/build/CMakeFiles/CMakeTmp/CMakeFiles 1
Building C object CMakeFiles/cmTryCompileExec1909250435.dir/CheckSymbolExists.c.o
/usr/bin/cc   -I/usr/include/qt5    -o CMakeFiles/cmTryCompileExec1909250435.dir/CheckSymbolExists.c.o   -c /home/jmelo/projects/fractal-viewer/build/CMakeFiles/CMakeTmp/CheckSymbolExists.c
/home/jmelo/projects/fractal-viewer/build/CMakeFiles/CMakeTmp/CheckSymbolExists.c: In function ‘main’:
/home/jmelo/projects/fractal-viewer/build/CMakeFiles/CMakeTmp/CheckSymbolExists.c:8:19: error: ‘Q_WS_QWS’ undeclared (first use in this function)
   return ((int*)(&Q_WS_QWS))[argc];
                   ^
/home/jmelo/projects/fractal-viewer/build/CMakeFiles/CMakeTmp/CheckSymbolExists.c:8:19: note: each undeclared identifier is reported only once for each function it appears in
make[1]: *** [CMakeFiles/cmTryCompileExec1909250435.dir/CheckSymbolExists.c.o] Error 1
make[1]: Leaving directory `/home/jmelo/projects/fractal-viewer/build/CMakeFiles/CMakeTmp'
make: *** [cmTryCompileExec1909250435/fast] Error 2

File /home/jmelo/projects/fractal-viewer/build/CMakeFiles/CMakeTmp/CheckSymbolExists.c:
/* */
#include <QtCore/qglobal.h>

int main(int argc, char** argv)
{
  (void)argv;
#ifndef Q_WS_QWS
  return ((int*)(&Q_WS_QWS))[argc];
#else
  (void)argc;
  return 0;
#endif
}

Determining if the Q_WS_MAC exist failed with the following output:
Change Dir: /home/jmelo/projects/fractal-viewer/build/CMakeFiles/CMakeTmp

Run Build Command:/usr/bin/make "cmTryCompileExec1022116179/fast"
/usr/bin/make -f CMakeFiles/cmTryCompileExec1022116179.dir/build.make CMakeFiles/cmTryCompileExec1022116179.dir/build
make[1]: Entering directory `/home/jmelo/projects/fractal-viewer/build/CMakeFiles/CMakeTmp'
/usr/bin/cmake -E cmake_progress_report /home/jmelo/projects/fractal-viewer/build/CMakeFiles/CMakeTmp/CMakeFiles 1
Building C object CMakeFiles/cmTryCompileExec1022116179.dir/CheckSymbolExists.c.o
/usr/bin/cc   -I/usr/include/qt5    -o CMakeFiles/cmTryCompileExec1022116179.dir/CheckSymbolExists.c.o   -c /home/jmelo/projects/fractal-viewer/build/CMakeFiles/CMakeTmp/CheckSymbolExists.c
/home/jmelo/projects/fractal-viewer/build/CMakeFiles/CMakeTmp/CheckSymbolExists.c: In function ‘main’:
/home/jmelo/projects/fractal-viewer/build/CMakeFiles/CMakeTmp/CheckSymbolExists.c:8:19: error: ‘Q_WS_MAC’ undeclared (first use in this function)
   return ((int*)(&Q_WS_MAC))[argc];
                   ^
/home/jmelo/projects/fractal-viewer/build/CMakeFiles/CMakeTmp/CheckSymbolExists.c:8:19: note: each undeclared identifier is reported only once for each function it appears in
make[1]: Leaving directory `/home/jmelo/projects/fractal-viewer/build/CMakeFiles/CMakeTmp'
make[1]: *** [CMakeFiles/cmTryCompileExec1022116179.dir/CheckSymbolExists.c.o] Error 1
make: *** [cmTryCompileExec1022116179/fast] Error 2

File /home/jmelo/projects/fractal-viewer/build/CMakeFiles/CMakeTmp/CheckSymbolExists.c:
/* */
#include <QtCore/qglobal.h>

int main(int argc, char** argv)
{
  (void)argv;
#ifndef Q_WS_MAC
  return ((int*)(&Q_WS_MAC))[argc];
#else
  (void)argc;
  return 0;
#endif
}

Determining if the pthread_create exist failed with the following output:
Change Dir: /home/jmelo/projects/fractal-viewer/build/CMakeFiles/CMakeTmp

Run Build Command:/usr/bin/make "cmTryCompileExec4107779279/fast"
/usr/bin/make -f CMakeFiles/cmTryCompileExec4107779279.dir/build.make CMakeFiles/cmTryCompileExec4107779279.dir/build
make[1]: Entering directory `/home/jmelo/projects/fractal-viewer/build/CMakeFiles/CMakeTmp'
/usr/bin/cmake -E cmake_progress_report /home/jmelo/projects/fractal-viewer/build/CMakeFiles/CMakeTmp/CMakeFiles 1
Building C object CMakeFiles/cmTryCompileExec4107779279.dir/CheckSymbolExists.c.o
/usr/bin/cc    -o CMakeFiles/cmTryCompileExec4107779279.dir/CheckSymbolExists.c.o   -c /home/jmelo/projects/fractal-viewer/build/CMakeFiles/CMakeTmp/CheckSymbolExists.c
Linking C executable cmTryCompileExec4107779279
/usr/bin/cmake -E cmake_link_script CMakeFiles/cmTryCompileExec4107779279.dir/link.txt --verbose=1
/usr/bin/cc       CMakeFiles/cmTryCompileExec4107779279.dir/CheckSymbolExists.c.o  -o cmTryCompileExec4107779279 -rdynamic 
CMakeFiles/cmTryCompileExec4107779279.dir/CheckSymbolExists.c.o: In function `main':
CheckSymbolExists.c:(.text+0x16): undefined reference to `pthread_create'
collect2: error: ld returned 1 exit status
make[1]: *** [cmTryCompileExec4107779279] Error 1
make[1]: Leaving directory `/home/jmelo/projects/fractal-viewer/build/CMakeFiles/CMakeTmp'
make: *** [cmTryCompileExec4107779279/fast] Error 2

File /home/jmelo/projects/fractal-viewer/build/CMakeFiles/CMakeTmp/CheckSymbolExists.c:
/* */
#include <pthread.h>

int main(int argc, char** argv)
{
  (void)argv;
#ifndef pthread_create
  return ((int*)(&pthread_create))[argc];
#else
  (void)argc;
  return 0;
#endif
}

Determining if the function pthread_create exists in the pthreads failed with the following output:
Change Dir: /home/jmelo/projects/fractal-viewer/build/CMakeFiles/CMakeTmp

Run Build Command:/usr/bin/make "cmTryCompileExec1265569724/fast"
/usr/bin/make -f CMakeFiles/cmTryCompileExec1265569724.dir/build.make CMakeFiles/cmTryCompileExec1265569724.dir/build
make[1]: Entering directory `/home/jmelo/projects/fractal-viewer/build/CMakeFiles/CMakeTmp'
/usr/bin/cmake -E cmake_progress_report /home/jmelo/projects/fractal-viewer/build/CMakeFiles/CMakeTmp/CMakeFiles 1
Building C object CMakeFiles/cmTryCompileExec1265569724.dir/CheckFunctionExists.c.o
/usr/bin/cc   -DCHECK_FUNCTION_EXISTS=pthread_create   -o CMakeFiles/cmTryCompileExec1265569724.dir/CheckFunctionExists.c.o   -c /usr/share/cmake-2.8/Modules/CheckFunctionExists.c
Linking C executable cmTryCompileExec1265569724
/usr/bin/cmake -E cmake_link_script CMakeFiles/cmTryCompileExec1265569724.dir/link.txt --verbose=1
/usr/bin/cc   -DCHECK_FUNCTION_EXISTS=pthread_create    CMakeFiles/cmTryCompileExec1265569724.dir/CheckFunctionExists.c.o  -o cmTryCompileExec1265569724 -rdynamic -lpthreads 
/usr/bin/ld: cannot find -lpthreads
collect2: error: ld returned 1 exit status
make[1]: *** [cmTryCompileExec1265569724] Error 1
make[1]: Leaving directory `/home/jmelo/projects/fractal-viewer/build/CMakeFiles/CMakeTmp'
make: *** [cmTryCompileExec1265569724/fast] Error 2


Determining if the Q_WS_WIN exist failed with the following output:
Change Dir: /home/jmelo/projects/fractal-viewer/build/CMakeFiles/CMakeTmp

Run Build Command:/usr/bin/make "cmTryCompileExec3599956409/fast"
/usr/bin/make -f CMakeFiles/cmTryCompileExec3599956409.dir/build.make CMakeFiles/cmTryCompileExec3599956409.dir/build
make[1]: Entering directory `/home/jmelo/projects/fractal-viewer/build/CMakeFiles/CMakeTmp'
/usr/bin/cmake -E cmake_progress_report /home/jmelo/projects/fractal-viewer/build/CMakeFiles/CMakeTmp/CMakeFiles 1
Building C object CMakeFiles/cmTryCompileExec3599956409.dir/CheckSymbolExists.c.o
/usr/bin/cc   -I/usr/include/qt4    -o CMakeFiles/cmTryCompileExec3599956409.dir/CheckSymbolExists.c.o   -c /home/jmelo/projects/fractal-viewer/build/CMakeFiles/CMakeTmp/CheckSymbolExists.c
/home/jmelo/projects/fractal-viewer/build/CMakeFiles/CMakeTmp/CheckSymbolExists.c: In function ‘main’:
/home/jmelo/projects/fractal-viewer/build/CMakeFiles/CMakeTmp/CheckSymbolExists.c:8:19: error: ‘Q_WS_WIN’ undeclared (first use in this function)
   return ((int*)(&Q_WS_WIN))[argc];
                   ^
/home/jmelo/projects/fractal-viewer/build/CMakeFiles/CMakeTmp/CheckSymbolExists.c:8:19: note: each undeclared identifier is reported only once for each function it appears in
make[1]: Leaving directory `/home/jmelo/projects/fractal-viewer/build/CMakeFiles/CMakeTmp'
make[1]: *** [CMakeFiles/cmTryCompileExec3599956409.dir/CheckSymbolExists.c.o] Error 1
make: *** [cmTryCompileExec3599956409/fast] Error 2

File /home/jmelo/projects/fractal-viewer/build/CMakeFiles/CMakeTmp/CheckSymbolExists.c:
/* */
#include <QtCore/qglobal.h>

int main(int argc, char** argv)
{
  (void)argv;
#ifndef Q_WS_WIN
  return ((int*)(&Q_WS_WIN))[argc];
#else
  (void)argc;
  return 0;
#endif
}

Determining if the Q_WS_QWS exist failed with the following output:
Change Dir: /home/jmelo/projects/fractal-viewer/build/CMakeFiles/CMakeTmp

Run Build Command:/usr/bin/make "cmTryCompileExec2362975329/fast"
/usr/bin/make -f CMakeFiles/cmTryCompileExec2362975329.dir/build.make CMakeFiles/cmTryCompileExec2362975329.dir/build
make[1]: Entering directory `/home/jmelo/projects/fractal-viewer/build/CMakeFiles/CMakeTmp'
/usr/bin/cmake -E cmake_progress_report /home/jmelo/projects/fractal-viewer/build/CMakeFiles/CMakeTmp/CMakeFiles 1
Building C object CMakeFiles/cmTryCompileExec2362975329.dir/CheckSymbolExists.c.o
/usr/bin/cc   -I/usr/include/qt4    -o CMakeFiles/cmTryCompileExec2362975329.dir/CheckSymbolExists.c.o   -c /home/jmelo/projects/fractal-viewer/build/CMakeFiles/CMakeTmp/CheckSymbolExists.c
/home/jmelo/projects/fractal-viewer/build/CMakeFiles/CMakeTmp/CheckSymbolExists.c: In function ‘main’:
/home/jmelo/projects/fractal-viewer/build/CMakeFiles/CMakeTmp/CheckSymbolExists.c:8:19: error: ‘Q_WS_QWS’ undeclared (first use in this function)
   return ((int*)(&Q_WS_QWS))[argc];
                   ^
/home/jmelo/projects/fractal-viewer/build/CMakeFiles/CMakeTmp/CheckSymbolExists.c:8:19: note: each undeclared identifier is reported only once for each function it appears in
make[1]: *** [CMakeFiles/cmTryCompileExec2362975329.dir/CheckSymbolExists.c.o] Error 1
make[1]: Leaving directory `/home/jmelo/projects/fractal-viewer/build/CMakeFiles/CMakeTmp'
make: *** [cmTryCompileExec2362975329/fast] Error 2

File /home/jmelo/projects/fractal-viewer/build/CMakeFiles/CMakeTmp/CheckSymbolExists.c:
/* */
#include <QtCore/qglobal.h>

int main(int argc, char** argv)
{
  (void)argv;
#ifndef Q_WS_QWS
  return ((int*)(&Q_WS_QWS))[argc];
#else
  (void)argc;
  return 0;
#endif
}

Determining if the Q_WS_MAC exist failed with the following output:
Change Dir: /home/jmelo/projects/fractal-viewer/build/CMakeFiles/CMakeTmp

Run Build Command:/usr/bin/make "cmTryCompileExec2097789877/fast"
/usr/bin/make -f CMakeFiles/cmTryCompileExec2097789877.dir/build.make CMakeFiles/cmTryCompileExec2097789877.dir/build
make[1]: Entering directory `/home/jmelo/projects/fractal-viewer/build/CMakeFiles/CMakeTmp'
/usr/bin/cmake -E cmake_progress_report /home/jmelo/projects/fractal-viewer/build/CMakeFiles/CMakeTmp/CMakeFiles 1
Building C object CMakeFiles/cmTryCompileExec2097789877.dir/CheckSymbolExists.c.o
/usr/bin/cc   -I/usr/include/qt4    -o CMakeFiles/cmTryCompileExec2097789877.dir/CheckSymbolExists.c.o   -c /home/jmelo/projects/fractal-viewer/build/CMakeFiles/CMakeTmp/CheckSymbolExists.c
/home/jmelo/projects/fractal-viewer/build/CMakeFiles/CMakeTmp/CheckSymbolExists.c: In function ‘main’:
/home/jmelo/projects/fractal-viewer/build/CMakeFiles/CMakeTmp/CheckSymbolExists.c:8:19: error: ‘Q_WS_MAC’ undeclared (first use in this function)
   return ((int*)(&Q_WS_MAC))[argc];
                   ^
/home/jmelo/projects/fractal-viewer/build/CMakeFiles/CMakeTmp/CheckSymbolExists.c:8:19: note: each undeclared identifier is reported only once for each function it appears in
make[1]: *** [CMakeFiles/cmTryCompileExec2097789877.dir/CheckSymbolExists.c.o] Error 1
make[1]: Leaving directory `/home/jmelo/projects/fractal-viewer/build/CMakeFiles/CMakeTmp'
make: *** [cmTryCompileExec2097789877/fast] Error 2

File /home/jmelo/projects/fractal-viewer/build/CMakeFiles/CMakeTmp/CheckSymbolExists.c:
/* */
#include <QtCore/qglobal.h>

int main(int argc, char** argv)
{
  (void)argv;
#ifndef Q_WS_MAC
  return ((int*)(&Q_WS_MAC))[argc];
#else
  (void)argc;
  return 0;
#endif
}

Determining if the pthread_create exist failed with the following output:
Change Dir: /home/jmelo/projects/fractal-viewer/build/CMakeFiles/CMakeTmp

Run Build Command:/usr/bin/make "cmTryCompileExec2983693017/fast"
/usr/bin/make -f CMakeFiles/cmTryCompileExec2983693017.dir/build.make CMakeFiles/cmTryCompileExec2983693017.dir/build
make[1]: Entering directory `/home/jmelo/projects/fractal-viewer/build/CMakeFiles/CMakeTmp'
/usr/bin/cmake -E cmake_progress_report /home/jmelo/projects/fractal-viewer/build/CMakeFiles/CMakeTmp/CMakeFiles 1
Building C object CMakeFiles/cmTryCompileExec2983693017.dir/CheckSymbolExists.c.o
/usr/bin/cc    -o CMakeFiles/cmTryCompileExec2983693017.dir/CheckSymbolExists.c.o   -c /home/jmelo/projects/fractal-viewer/build/CMakeFiles/CMakeTmp/CheckSymbolExists.c
Linking C executable cmTryCompileExec2983693017
/usr/bin/cmake -E cmake_link_script CMakeFiles/cmTryCompileExec2983693017.dir/link.txt --verbose=1
/usr/bin/cc       CMakeFiles/cmTryCompileExec2983693017.dir/CheckSymbolExists.c.o  -o cmTryCompileExec2983693017 -rdynamic 
CMakeFiles/cmTryCompileExec2983693017.dir/CheckSymbolExists.c.o: In function `main':
CheckSymbolExists.c:(.text+0x16): undefined reference to `pthread_create'
collect2: error: ld returned 1 exit status
make[1]: *** [cmTryCompileExec2983693017] Error 1
make[1]: Leaving directory `/home/jmelo/projects/fractal-viewer/build/CMakeFiles/CMakeTmp'
make: *** [cmTryCompileExec2983693017/fast] Error 2

File /home/jmelo/projects/fractal-viewer/build/CMakeFiles/CMakeTmp/CheckSymbolExists.c:
/* */
#include <pthread.h>

int main(int argc, char** argv)
{
  (void)argv;
#ifndef pthread_create
  return ((int*)(&pthread_create))[argc];
#else
  (void)argc;
  return 0;
#endif
}

Determining if the function pthread_create exists in the pthreads failed with the following output:
Change Dir: /home/jmelo/projects/fractal-viewer/build/CMakeFiles/CMakeTmp

Run Build Command:/usr/bin/make "cmTryCompileExec1047468467/fast"
/usr/bin/make -f CMakeFiles/cmTryCompileExec1047468467.dir/build.make CMakeFiles/cmTryCompileExec1047468467.dir/build
make[1]: Entering directory `/home/jmelo/projects/fractal-viewer/build/CMakeFiles/CMakeTmp'
/usr/bin/cmake -E cmake_progress_report /home/jmelo/projects/fractal-viewer/build/CMakeFiles/CMakeTmp/CMakeFiles 1
Building C object CMakeFiles/cmTryCompileExec1047468467.dir/CheckFunctionExists.c.o
/usr/bin/cc   -DCHECK_FUNCTION_EXISTS=pthread_create   -o CMakeFiles/cmTryCompileExec1047468467.dir/CheckFunctionExists.c.o   -c /usr/share/cmake-2.8/Modules/CheckFunctionExists.c
Linking C executable cmTryCompileExec1047468467
/usr/bin/cmake -E cmake_link_script CMakeFiles/cmTryCompileExec1047468467.dir/link.txt --verbose=1
/usr/bin/cc   -DCHECK_FUNCTION_EXISTS=pthread_create    CMakeFiles/cmTryCompileExec1047468467.dir/CheckFunctionExists.c.o  -o cmTryCompileExec1047468467 -rdynamic -lpthreads 
/usr/bin/ld: cannot find -lpthreads
collect2: error: ld returned 1 exit status
make[1]: *** [cmTryCompileExec1047468467] Error 1
make[1]: Leaving directory `/home/jmelo/projects/fractal-viewer/build/CMakeFiles/CMakeTmp'
make: *** [cmTryCompileExec1047468467/fast] Error 2


